HDF5 Library: Version 1.8.16
rank 0: ==== Parameters ====
rank 0: IO API=mpiio 
rank 0: Number of files=1
rank 0: Number of datasets=1
rank 0: Number of iterations=5
rank 0: Number of processes=32:32
rank 0: Number of bytes per process per dataset=1GB
rank 0: Size of dataset(s)=32GB:32GB
rank 0: File size=32GB:32GB
rank 0: Transfer buffer size=1GB:1GB
rank 0: Block size=1GB
rank 0: Block Pattern in Dataset=Contiguous
rank 0: I/O Method for MPI and HDF5=Collective
rank 0: Geometry=1D
rank 0: VFL used for HDF5 I/O=MPI-IO driver
rank 0: Data storage method in HDF5=Contiguous
rank 0: Env HDF5_PARAPREFIX=/scratch/sciteam/heber/4376562.bw
rank 0: Dumping MPI Info Object(469762048) (up to 1024 bytes per item):
object is MPI_INFO_NULL
rank 0: ==== End of Parameters ====

Number of processors = 32
Transfer Buffer Size: 1073741824 bytes, File size: 32768.00 MBs
      # of files: 1, # of datasets: 1, dataset size: 32768.00 MBs
        IO API = MPIO
            Write (5 iteration(s)):
                Maximum Throughput: 4100.27 MB/s
                Average Throughput: 2895.92 MB/s
                Minimum Throughput: 1604.79 MB/s
            Write Open-Close (5 iteration(s)):
                Maximum Throughput: 4073.51 MB/s
                Average Throughput: 2884.16 MB/s
                Minimum Throughput: 1601.34 MB/s
            Read (5 iteration(s)):
                Maximum Throughput: 4682.96 MB/s
                Average Throughput: 4248.85 MB/s
                Minimum Throughput: 3118.15 MB/s
            Read Open-Close (5 iteration(s)):
                Maximum Throughput: 4661.70 MB/s
                Average Throughput: 4231.15 MB/s
                Minimum Throughput: 3108.60 MB/s
Application 37282041 resources: utime ~2824s, stime ~492s, Rss ~1067292, inblocks ~335975870, outblocks ~336448014
