HDF5 Library: Version 1.8.16
rank 0: ==== Parameters ====
rank 0: IO API=mpiio 
rank 0: Number of files=1
rank 0: Number of datasets=1
rank 0: Number of iterations=5
rank 0: Number of processes=128:128
rank 0: Number of bytes per process per dataset=1GB
rank 0: Size of dataset(s)=128GB:128GB
rank 0: File size=128GB:128GB
rank 0: Transfer buffer size=1GB:1GB
rank 0: Block size=1GB
rank 0: Block Pattern in Dataset=Contiguous
rank 0: I/O Method for MPI and HDF5=Collective
rank 0: Geometry=1D
rank 0: VFL used for HDF5 I/O=MPI-IO driver
rank 0: Data storage method in HDF5=Contiguous
rank 0: Env HDF5_PARAPREFIX=/scratch/sciteam/heber/4385715.bw
rank 0: Dumping MPI Info Object(469762048) (up to 1024 bytes per item):
object is MPI_INFO_NULL
rank 0: ==== End of Parameters ====

Number of processors = 128
Transfer Buffer Size: 1073741824 bytes, File size: 131072.00 MBs
      # of files: 1, # of datasets: 1, dataset size: 131072.00 MBs
        IO API = MPIO
            Write (5 iteration(s)):
                Maximum Throughput: 16424.04 MB/s
                Average Throughput: 14510.27 MB/s
                Minimum Throughput: 13470.83 MB/s
            Write Open-Close (5 iteration(s)):
                Maximum Throughput: 16207.91 MB/s
                Average Throughput: 14244.86 MB/s
                Minimum Throughput: 13051.39 MB/s
            Read (5 iteration(s)):
                Maximum Throughput: 12791.71 MB/s
                Average Throughput: 11217.42 MB/s
                Minimum Throughput: 10057.95 MB/s
            Read Open-Close (5 iteration(s)):
                Maximum Throughput: 12724.52 MB/s
                Average Throughput: 11162.74 MB/s
                Minimum Throughput: 10012.56 MB/s
Application 37296714 resources: utime ~7016s, stime ~4029s, Rss ~1066168, inblocks ~1343728154, outblocks ~1345666593
