HDF5 Library: Version 1.8.16
rank 0: ==== Parameters ====
rank 0: IO API=mpiio 
rank 0: Number of files=1
rank 0: Number of datasets=1
rank 0: Number of iterations=5
rank 0: Number of processes=1024:1024
rank 0: Number of bytes per process per dataset=1GB
rank 0: Size of dataset(s)=1024GB:1024GB
rank 0: File size=1024GB:1024GB
rank 0: Transfer buffer size=1GB:1GB
rank 0: Block size=1GB
rank 0: Block Pattern in Dataset=Contiguous
rank 0: I/O Method for MPI and HDF5=Collective
rank 0: Geometry=1D
rank 0: VFL used for HDF5 I/O=MPI-IO driver
rank 0: Data storage method in HDF5=Contiguous
rank 0: Env HDF5_PARAPREFIX=/scratch/sciteam/heber/4385758.bw
rank 0: Dumping MPI Info Object(469762048) (up to 1024 bytes per item):
object is MPI_INFO_NULL
rank 0: ==== End of Parameters ====

Number of processors = 1024
Transfer Buffer Size: 1073741824 bytes, File size: 1048576.00 MBs
      # of files: 1, # of datasets: 1, dataset size: 1048576.00 MBs
        IO API = MPIO
            Write (5 iteration(s)):
                Maximum Throughput: 30437.44 MB/s
                Average Throughput: 27993.79 MB/s
                Minimum Throughput: 26597.35 MB/s
            Write Open-Close (5 iteration(s)):
                Maximum Throughput: 30213.74 MB/s
                Average Throughput: 27775.17 MB/s
                Minimum Throughput: 26346.57 MB/s
            Read (5 iteration(s)):
                Maximum Throughput: 31474.41 MB/s
                Average Throughput: 26894.44 MB/s
                Minimum Throughput: 22193.44 MB/s
            Read Open-Close (5 iteration(s)):
                Maximum Throughput: 31178.44 MB/s
                Average Throughput: 26726.20 MB/s
                Minimum Throughput: 22067.28 MB/s
Application 37318483 resources: utime ~210912s, stime ~34108s, Rss ~1068936, inblocks ~10749482560, outblocks ~10765332527
