HDF5 Library: Version 1.8.16
rank 0: ==== Parameters ====
rank 0: IO API=phdf5 
rank 0: Number of files=1
rank 0: Number of datasets=1
rank 0: Number of iterations=5
rank 0: Number of processes=1024:1024
rank 0: Number of bytes per process per dataset=1GB
rank 0: Size of dataset(s)=1024GB:1024GB
rank 0: File size=1024GB:1024GB
rank 0: Transfer buffer size=1GB:1GB
rank 0: Block size=1GB
rank 0: Block Pattern in Dataset=Contiguous
rank 0: I/O Method for MPI and HDF5=Collective
rank 0: Geometry=1D
rank 0: VFL used for HDF5 I/O=MPI-IO driver
rank 0: Data storage method in HDF5=Contiguous
rank 0: Env HDF5_PARAPREFIX=/scratch/sciteam/heber/4385760.bw
rank 0: Dumping MPI Info Object(469762048) (up to 1024 bytes per item):
object is MPI_INFO_NULL
rank 0: ==== End of Parameters ====

Number of processors = 1024
Transfer Buffer Size: 1073741824 bytes, File size: 1048576.00 MBs
      # of files: 1, # of datasets: 1, dataset size: 1048576.00 MBs
        IO API = PHDF5 (w/MPI-IO driver)
            Write (5 iteration(s)):
                Maximum Throughput: 30370.48 MB/s
                Average Throughput: 27010.91 MB/s
                Minimum Throughput: 24120.04 MB/s
            Write Open-Close (5 iteration(s)):
                Maximum Throughput: 29178.47 MB/s
                Average Throughput: 25615.73 MB/s
                Minimum Throughput: 23152.22 MB/s
            Read (5 iteration(s)):
                Maximum Throughput: 30193.87 MB/s
                Average Throughput: 27591.76 MB/s
                Minimum Throughput: 25438.54 MB/s
            Read Open-Close (5 iteration(s)):
                Maximum Throughput: 29659.92 MB/s
                Average Throughput: 27328.30 MB/s
                Minimum Throughput: 25224.60 MB/s
Application 37318818 resources: utime ~227976s, stime ~33202s, Rss ~2117712, inblocks ~10749508161, outblocks ~10765332544
