HDF5 Library: Version 1.8.16
rank 0: ==== Parameters ====
rank 0: IO API=mpiio 
rank 0: Number of files=1
rank 0: Number of datasets=1
rank 0: Number of iterations=5
rank 0: Number of processes=256:256
rank 0: Number of bytes per process per dataset=1GB
rank 0: Size of dataset(s)=256GB:256GB
rank 0: File size=256GB:256GB
rank 0: Transfer buffer size=1GB:1GB
rank 0: Block size=1GB
rank 0: Block Pattern in Dataset=Contiguous
rank 0: I/O Method for MPI and HDF5=Collective
rank 0: Geometry=1D
rank 0: VFL used for HDF5 I/O=MPI-IO driver
rank 0: Data storage method in HDF5=Contiguous
rank 0: Env HDF5_PARAPREFIX=/scratch/sciteam/heber/4385751.bw
rank 0: Dumping MPI Info Object(469762048) (up to 1024 bytes per item):
object is MPI_INFO_NULL
rank 0: ==== End of Parameters ====

Number of processors = 256
Transfer Buffer Size: 1073741824 bytes, File size: 262144.00 MBs
      # of files: 1, # of datasets: 1, dataset size: 262144.00 MBs
        IO API = MPIO
            Write (5 iteration(s)):
                Maximum Throughput: 20685.42 MB/s
                Average Throughput: 18771.84 MB/s
                Minimum Throughput: 16901.76 MB/s
            Write Open-Close (5 iteration(s)):
                Maximum Throughput: 20252.37 MB/s
                Average Throughput: 18481.48 MB/s
                Minimum Throughput: 16764.32 MB/s
            Read (5 iteration(s)):
                Maximum Throughput: 16189.58 MB/s
                Average Throughput: 15224.00 MB/s
                Minimum Throughput: 14261.18 MB/s
            Read Open-Close (5 iteration(s)):
                Maximum Throughput: 16086.48 MB/s
                Average Throughput: 15138.23 MB/s
                Minimum Throughput: 14189.95 MB/s
Application 37296982 resources: utime ~20551s, stime ~8238s, Rss ~1066400, inblocks ~2687420460, outblocks ~2691333164
