HDF5 Library: Version 1.8.16
rank 0: ==== Parameters ====
rank 0: IO API=mpiio 
rank 0: Number of files=1
rank 0: Number of datasets=1
rank 0: Number of iterations=5
rank 0: Number of processes=256:256
rank 0: Number of bytes per process per dataset=1GB
rank 0: Size of dataset(s)=256GB:256GB
rank 0: File size=256GB:256GB
rank 0: Transfer buffer size=1GB:1GB
rank 0: Block size=1GB
rank 0: Block Pattern in Dataset=Contiguous
rank 0: I/O Method for MPI and HDF5=Collective
rank 0: Geometry=1D
rank 0: VFL used for HDF5 I/O=MPI-IO driver
rank 0: Data storage method in HDF5=Contiguous
rank 0: Env HDF5_PARAPREFIX=/scratch/sciteam/heber/4376581.bw
rank 0: Dumping MPI Info Object(469762048) (up to 1024 bytes per item):
object is MPI_INFO_NULL
rank 0: ==== End of Parameters ====

Number of processors = 256
Transfer Buffer Size: 1073741824 bytes, File size: 262144.00 MBs
      # of files: 1, # of datasets: 1, dataset size: 262144.00 MBs
        IO API = MPIO
            Write (5 iteration(s)):
                Maximum Throughput: 4193.93 MB/s
                Average Throughput: 3261.71 MB/s
                Minimum Throughput: 1863.21 MB/s
            Write Open-Close (5 iteration(s)):
                Maximum Throughput: 4187.21 MB/s
                Average Throughput: 3251.43 MB/s
                Minimum Throughput: 1856.66 MB/s
            Read (5 iteration(s)):
                Maximum Throughput: 4088.96 MB/s
                Average Throughput: 4031.41 MB/s
                Minimum Throughput: 3865.02 MB/s
            Read Open-Close (5 iteration(s)):
                Maximum Throughput: 4083.70 MB/s
                Average Throughput: 4025.52 MB/s
                Minimum Throughput: 3855.04 MB/s
Application 37282618 resources: utime ~185581s, stime ~5471s, Rss ~1068020, inblocks ~2687983688, outblocks ~2691789846
