Proc 122: *** Assertion failed (POSIXSEEK) at line  970 in pio_engine.c
Proc 122: *** Assertion failed (do_write failed) at line  316 in pio_engine.c
Proc 251: *** Assertion failed (POSIXSEEK) at line  970 in pio_engine.c
Proc 251: *** Assertion failed (do_write failed) at line  316 in pio_engine.c
Proc 242: *** Assertion failed (POSIXSEEK) at line  970 in pio_engine.c
Proc 242: *** Assertion failed (do_write failed) at line  316 in pio_engine.c
Proc 234: *** Assertion failed (POSIXSEEK) at line  970 in pio_engine.c
Proc 234: *** Assertion failed (do_write failed) at line  316 in pio_engine.c
Proc 226: *** Assertion failed (POSIXSEEK) at line  970 in pio_engine.c
Proc 226: *** Assertion failed (do_write failed) at line  316 in pio_engine.c
Proc 218: *** Assertion failed (POSIXSEEK) at line  970 in pio_engine.c
Proc 218: *** Assertion failed (do_write failed) at line  316 in pio_engine.c
Proc 210: *** Assertion failed (POSIXSEEK) at line  970 in pio_engine.c
Proc 210: *** Assertion failed (do_write failed) at line  316 in pio_engine.c
Proc 202: *** Assertion failed (POSIXSEEK) at line  970 in pio_engine.c
Proc 202: *** Assertion failed (do_write failed) at line  316 in pio_engine.c
Proc 194: *** Assertion failed (POSIXSEEK) at line  970 in pio_engine.c
Proc 194: *** Assertion failed (do_write failed) at line  316 in pio_engine.c
Proc 186: *** Assertion failed (POSIXSEEK) at line  970 in pio_engine.c
Proc 186: *** Assertion failed (do_write failed) at line  316 in pio_engine.c
Proc 178: *** Assertion failed (POSIXSEEK) at line  970 in pio_engine.c
Proc 178: *** Assertion failed (do_write failed) at line  316 in pio_engine.c
Proc 170: *** Assertion failed (POSIXSEEK) at line  970 in pio_engine.c
Proc 170: *** Assertion failed (do_write failed) at line  316 in pio_engine.c
Proc 162: *** Assertion failed (POSIXSEEK) at line  970 in pio_engine.c
Proc 162: *** Assertion failed (do_write failed) at line  316 in pio_engine.c
Proc 154: *** Assertion failed (POSIXSEEK) at line  970 in pio_engine.c
Proc 154: *** Assertion failed (do_write failed) at line  316 in pio_engine.c
Proc 146: *** Assertion failed (POSIXSEEK) at line  970 in pio_engine.c
Proc 146: *** Assertion failed (do_write failed) at line  316 in pio_engine.c
Proc 138: *** Assertion failed (POSIXSEEK) at line  970 in pio_engine.c
Proc 138: *** Assertion failed (do_write failed) at line  316 in pio_engine.c
Proc 130: *** Assertion failed (POSIXSEEK) at line  970 in pio_engine.c
Proc 130: *** Assertion failed (do_write failed) at line  316 in pio_engine.c
Proc 114: *** Assertion failed (POSIXSEEK) at line  970 in pio_engine.c
Proc 114: *** Assertion failed (do_write failed) at line  316 in pio_engine.c
Proc 106: *** Assertion failed (POSIXSEEK) at line  970 in pio_engine.c
Proc 106: *** Assertion failed (do_write failed) at line  316 in pio_engine.c
Proc 98: *** Assertion failed (POSIXSEEK) at line  970 in pio_engine.c
Proc 98: *** Assertion failed (do_write failed) at line  316 in pio_engine.c
Proc 90: *** Assertion failed (POSIXSEEK) at line  970 in pio_engine.c
Proc 90: *** Assertion failed (do_write failed) at line  316 in pio_engine.c
Proc 82: *** Assertion failed (POSIXSEEK) at line  970 in pio_engine.c
Proc 82: *** Assertion failed (do_write failed) at line  316 in pio_engine.c
Proc 74: *** Assertion failed (POSIXSEEK) at line  970 in pio_engine.c
Proc 74: *** Assertion failed (do_write failed) at line  316 in pio_engine.c
Proc 66: *** Assertion failed (POSIXSEEK) at line  970 in pio_engine.c
Proc 66: *** Assertion failed (do_write failed) at line  316 in pio_engine.c
Proc 58: *** Assertion failed (POSIXSEEK) at line  970 in pio_engine.c
Proc 58: *** Assertion failed (do_write failed) at line  316 in pio_engine.c
Proc 50: *** Assertion failed (POSIXSEEK) at line  970 in pio_engine.c
Proc 50: *** Assertion failed (do_write failed) at line  316 in pio_engine.c
Proc 42: *** Assertion failed (POSIXSEEK) at line  970 in pio_engine.c
Proc 42: *** Assertion failed (do_write failed) at line  316 in pio_engine.c
Proc 34: *** Assertion failed (POSIXSEEK) at line  970 in pio_engine.c
Proc 34: *** Assertion failed (do_write failed) at line  316 in pio_engine.c
Proc 26: *** Assertion failed (POSIXSEEK) at line  970 in pio_engine.c
Proc 26: *** Assertion failed (do_write failed) at line  316 in pio_engine.c
Proc 18: *** Assertion failed (POSIXSEEK) at line  970 in pio_engine.c
Proc 18: *** Assertion failed (do_write failed) at line  316 in pio_engine.c
Proc 10: *** Assertion failed (POSIXSEEK) at line  970 in pio_engine.c
Proc 10: *** Assertion failed (do_write failed) at line  316 in pio_engine.c
Proc 2: *** Assertion failed (POSIXSEEK) at line  970 in pio_engine.c
Proc 2: *** Assertion failed (do_write failed) at line  316 in pio_engine.c
Proc 43: *** Assertion failed (POSIXSEEK) at line  970 in pio_engine.c
Proc 43: *** Assertion failed (do_write failed) at line  316 in pio_engine.c
Proc 51: *** Assertion failed (POSIXSEEK) at line  970 in pio_engine.c
Proc 51: *** Assertion failed (do_write failed) at line  316 in pio_engine.c
Proc 67: *** Assertion failed (POSIXSEEK) at line  970 in pio_engine.c
Proc 67: *** Assertion failed (do_write failed) at line  316 in pio_engine.c
Proc 75: *** Assertion failed (POSIXSEEK) at line  970 in pio_engine.c
Proc 75: *** Assertion failed (do_write failed) at line  316 in pio_engine.c
Proc 83: *** Assertion failed (POSIXSEEK) at line  970 in pio_engine.c
Proc 83: *** Assertion failed (do_write failed) at line  316 in pio_engine.c
Proc 99: *** Assertion failed (POSIXSEEK) at line  970 in pio_engine.c
Proc 99: *** Assertion failed (do_write failed) at line  316 in pio_engine.c
Proc 107: *** Assertion failed (POSIXSEEK) at line  970 in pio_engine.c
Proc 107: *** Assertion failed (do_write failed) at line  316 in pio_engine.c
Proc 115: *** Assertion failed (POSIXSEEK) at line  970 in pio_engine.c
Proc 115: *** Assertion failed (do_write failed) at line  316 in pio_engine.c
Proc 131: *** Assertion failed (POSIXSEEK) at line  970 in pio_engine.c
Proc 131: *** Assertion failed (do_write failed) at line  316 in pio_engine.c
Proc 155: *** Assertion failed (POSIXSEEK) at line  970 in pio_engine.c
Proc 155: *** Assertion failed (do_write failed) at line  316 in pio_engine.c
Proc 163: *** Assertion failed (POSIXSEEK) at line  970 in pio_engine.c
Proc 163: *** Assertion failed (do_write failed) at line  316 in pio_engine.c
Proc 171: *** Assertion failed (POSIXSEEK) at line  970 in pio_engine.c
Proc 171: *** Assertion failed (do_write failed) at line  316 in pio_engine.c
Proc 187: *** Assertion failed (POSIXSEEK) at line  970 in pio_engine.c
Proc 187: *** Assertion failed (do_write failed) at line  316 in pio_engine.c
Proc 219: *** Assertion failed (POSIXSEEK) at line  970 in pio_engine.c
Proc 219: *** Assertion failed (do_write failed) at line  316 in pio_engine.c
Proc 227: *** Assertion failed (POSIXSEEK) at line  970 in pio_engine.c
Proc 227: *** Assertion failed (do_write failed) at line  316 in pio_engine.c
Proc 235: *** Assertion failed (POSIXSEEK) at line  970 in pio_engine.c
Proc 235: *** Assertion failed (do_write failed) at line  316 in pio_engine.c
Proc 243: *** Assertion failed (POSIXSEEK) at line  970 in pio_engine.c
Proc 243: *** Assertion failed (do_write failed) at line  316 in pio_engine.c
Proc 246: *** Assertion failed (POSIXSEEK) at line  970 in pio_engine.c
Proc 246: *** Assertion failed (do_write failed) at line  316 in pio_engine.c
Proc 238: *** Assertion failed (POSIXSEEK) at line  970 in pio_engine.c
Proc 238: *** Assertion failed (do_write failed) at line  316 in pio_engine.c
Proc 230: *** Assertion failed (POSIXSEEK) at line  970 in pio_engine.c
Proc 230: *** Assertion failed (do_write failed) at line  316 in pio_engine.c
Proc 222: *** Assertion failed (POSIXSEEK) at line  970 in pio_engine.c
Proc 222: *** Assertion failed (do_write failed) at line  316 in pio_engine.c
Proc 190: *** Assertion failed (POSIXSEEK) at line  970 in pio_engine.c
Proc 190: *** Assertion failed (do_write failed) at line  316 in pio_engine.c
Proc 174: *** Assertion failed (POSIXSEEK) at line  970 in pio_engine.c
Proc 174: *** Assertion failed (do_write failed) at line  316 in pio_engine.c
Proc 166: *** Assertion failed (POSIXSEEK) at line  970 in pio_engine.c
Proc 166: *** Assertion failed (do_write failed) at line  316 in pio_engine.c
Proc 158: *** Assertion failed (POSIXSEEK) at line  970 in pio_engine.c
Proc 158: *** Assertion failed (do_write failed) at line  316 in pio_engine.c
Proc 134: *** Assertion failed (POSIXSEEK) at line  970 in pio_engine.c
Proc 134: *** Assertion failed (do_write failed) at line  316 in pio_engine.c
Proc 118: *** Assertion failed (POSIXSEEK) at line  970 in pio_engine.c
Proc 118: *** Assertion failed (do_write failed) at line  316 in pio_engine.c
Proc 110: *** Assertion failed (POSIXSEEK) at line  970 in pio_engine.c
Proc 110: *** Assertion failed (do_write failed) at line  316 in pio_engine.c
Proc 102: *** Assertion failed (POSIXSEEK) at line  970 in pio_engine.c
Proc 102: *** Assertion failed (do_write failed) at line  316 in pio_engine.c
Proc 86: *** Assertion failed (POSIXSEEK) at line  970 in pio_engine.c
Proc 86: *** Assertion failed (do_write failed) at line  316 in pio_engine.c
Proc 78: *** Assertion failed (POSIXSEEK) at line  970 in pio_engine.c
Proc 78: *** Assertion failed (do_write failed) at line  316 in pio_engine.c
Proc 70: *** Assertion failed (POSIXSEEK) at line  970 in pio_engine.c
Proc 70: *** Assertion failed (do_write failed) at line  316 in pio_engine.c
Proc 54: *** Assertion failed (POSIXSEEK) at line  970 in pio_engine.c
Proc 54: *** Assertion failed (do_write failed) at line  316 in pio_engine.c
Proc 46: *** Assertion failed (POSIXSEEK) at line  970 in pio_engine.c
Proc 46: *** Assertion failed (do_write failed) at line  316 in pio_engine.c
Proc 3: *** Assertion failed (POSIXSEEK) at line  970 in pio_engine.c
Proc 3: *** Assertion failed (do_write failed) at line  316 in pio_engine.c
Proc 6: *** Assertion failed (POSIXSEEK) at line  970 in pio_engine.c
Proc 6: *** Assertion failed (do_write failed) at line  316 in pio_engine.c
Proc 47: *** Assertion failed (POSIXSEEK) at line  970 in pio_engine.c
Proc 47: *** Assertion failed (do_write failed) at line  316 in pio_engine.c
Proc 55: *** Assertion failed (POSIXSEEK) at line  970 in pio_engine.c
Proc 55: *** Assertion failed (do_write failed) at line  316 in pio_engine.c
Proc 71: *** Assertion failed (POSIXSEEK) at line  970 in pio_engine.c
Proc 71: *** Assertion failed (do_write failed) at line  316 in pio_engine.c
Proc 79: *** Assertion failed (POSIXSEEK) at line  970 in pio_engine.c
Proc 79: *** Assertion failed (do_write failed) at line  316 in pio_engine.c
Proc 87: *** Assertion failed (POSIXSEEK) at line  970 in pio_engine.c
Proc 87: *** Assertion failed (do_write failed) at line  316 in pio_engine.c
Proc 103: *** Assertion failed (POSIXSEEK) at line  970 in pio_engine.c
Proc 103: *** Assertion failed (do_write failed) at line  316 in pio_engine.c
Proc 111: *** Assertion failed (POSIXSEEK) at line  970 in pio_engine.c
Proc 111: *** Assertion failed (do_write failed) at line  316 in pio_engine.c
Proc 119: *** Assertion failed (POSIXSEEK) at line  970 in pio_engine.c
Proc 119: *** Assertion failed (do_write failed) at line  316 in pio_engine.c
Proc 135: *** Assertion failed (POSIXSEEK) at line  970 in pio_engine.c
Proc 135: *** Assertion failed (do_write failed) at line  316 in pio_engine.c
Proc 159: *** Assertion failed (POSIXSEEK) at line  970 in pio_engine.c
Proc 159: *** Assertion failed (do_write failed) at line  316 in pio_engine.c
Proc 167: *** Assertion failed (POSIXSEEK) at line  970 in pio_engine.c
Proc 167: *** Assertion failed (do_write failed) at line  316 in pio_engine.c
Proc 175: *** Assertion failed (POSIXSEEK) at line  970 in pio_engine.c
Proc 175: *** Assertion failed (do_write failed) at line  316 in pio_engine.c
Proc 191: *** Assertion failed (POSIXSEEK) at line  970 in pio_engine.c
Proc 191: *** Assertion failed (do_write failed) at line  316 in pio_engine.c
Proc 223: *** Assertion failed (POSIXSEEK) at line  970 in pio_engine.c
Proc 223: *** Assertion failed (do_write failed) at line  316 in pio_engine.c
Proc 231: *** Assertion failed (POSIXSEEK) at line  970 in pio_engine.c
Proc 231: *** Assertion failed (do_write failed) at line  316 in pio_engine.c
Proc 239: *** Assertion failed (POSIXSEEK) at line  970 in pio_engine.c
Proc 239: *** Assertion failed (do_write failed) at line  316 in pio_engine.c
Proc 247: *** Assertion failed (POSIXSEEK) at line  970 in pio_engine.c
Proc 247: *** Assertion failed (do_write failed) at line  316 in pio_engine.c
Proc 7: *** Assertion failed (POSIXSEEK) at line  970 in pio_engine.c
Proc 7: *** Assertion failed (do_write failed) at line  316 in pio_engine.c
Proc 123: *** Assertion failed (POSIXSEEK) at line  970 in pio_engine.c
Proc 123: *** Assertion failed (do_write failed) at line  316 in pio_engine.c
Proc 254: *** Assertion failed (POSIXSEEK) at line  970 in pio_engine.c
Proc 254: *** Assertion failed (do_write failed) at line  316 in pio_engine.c
Proc 255: *** Assertion failed (POSIXSEEK) at line  970 in pio_engine.c
Proc 255: *** Assertion failed (do_write failed) at line  316 in pio_engine.c
Proc 211: *** Assertion failed (POSIXSEEK) at line  970 in pio_engine.c
Proc 211: *** Assertion failed (do_write failed) at line  316 in pio_engine.c
Proc 203: *** Assertion failed (POSIXSEEK) at line  970 in pio_engine.c
Proc 203: *** Assertion failed (do_write failed) at line  316 in pio_engine.c
Proc 195: *** Assertion failed (POSIXSEEK) at line  970 in pio_engine.c
Proc 195: *** Assertion failed (do_write failed) at line  316 in pio_engine.c
Proc 179: *** Assertion failed (POSIXSEEK) at line  970 in pio_engine.c
Proc 179: *** Assertion failed (do_write failed) at line  316 in pio_engine.c
Proc 151: *** Assertion failed (POSIXSEEK) at line  970 in pio_engine.c
Proc 151: *** Assertion failed (do_write failed) at line  316 in pio_engine.c
Proc 139: *** Assertion failed (POSIXSEEK) at line  970 in pio_engine.c
Proc 139: *** Assertion failed (do_write failed) at line  316 in pio_engine.c
Proc 126: *** Assertion failed (POSIXSEEK) at line  970 in pio_engine.c
Proc 126: *** Assertion failed (do_write failed) at line  316 in pio_engine.c
Proc 91: *** Assertion failed (POSIXSEEK) at line  970 in pio_engine.c
Proc 91: *** Assertion failed (do_write failed) at line  316 in pio_engine.c
Proc 59: *** Assertion failed (POSIXSEEK) at line  970 in pio_engine.c
Proc 59: *** Assertion failed (do_write failed) at line  316 in pio_engine.c
Proc 35: *** Assertion failed (POSIXSEEK) at line  970 in pio_engine.c
Proc 35: *** Assertion failed (do_write failed) at line  316 in pio_engine.c
Proc 27: *** Assertion failed (POSIXSEEK) at line  970 in pio_engine.c
Proc 27: *** Assertion failed (do_write failed) at line  316 in pio_engine.c
Proc 19: *** Assertion failed (POSIXSEEK) at line  970 in pio_engine.c
Proc 19: *** Assertion failed (do_write failed) at line  316 in pio_engine.c
Proc 11: *** Assertion failed (POSIXSEEK) at line  970 in pio_engine.c
Proc 11: *** Assertion failed (do_write failed) at line  316 in pio_engine.c
Proc 14: *** Assertion failed (POSIXSEEK) at line  970 in pio_engine.c
Proc 14: *** Assertion failed (do_write failed) at line  316 in pio_engine.c
Proc 22: *** Assertion failed (POSIXSEEK) at line  970 in pio_engine.c
Proc 22: *** Assertion failed (do_write failed) at line  316 in pio_engine.c
Proc 30: *** Assertion failed (POSIXSEEK) at line  970 in pio_engine.c
Proc 30: *** Assertion failed (do_write failed) at line  316 in pio_engine.c
Proc 38: *** Assertion failed (POSIXSEEK) at line  970 in pio_engine.c
Proc 38: *** Assertion failed (do_write failed) at line  316 in pio_engine.c
Proc 62: *** Assertion failed (POSIXSEEK) at line  970 in pio_engine.c
Proc 62: *** Assertion failed (do_write failed) at line  316 in pio_engine.c
Proc 94: *** Assertion failed (POSIXSEEK) at line  970 in pio_engine.c
Proc 94: *** Assertion failed (do_write failed) at line  316 in pio_engine.c
Proc 127: *** Assertion failed (POSIXSEEK) at line  970 in pio_engine.c
Proc 127: *** Assertion failed (do_write failed) at line  316 in pio_engine.c
Proc 142: *** Assertion failed (POSIXSEEK) at line  970 in pio_engine.c
Proc 142: *** Assertion failed (do_write failed) at line  316 in pio_engine.c
Proc 150: *** Assertion failed (POSIXSEEK) at line  970 in pio_engine.c
Proc 150: *** Assertion failed (do_write failed) at line  316 in pio_engine.c
Proc 182: *** Assertion failed (POSIXSEEK) at line  970 in pio_engine.c
Proc 182: *** Assertion failed (do_write failed) at line  316 in pio_engine.c
Proc 198: *** Assertion failed (POSIXSEEK) at line  970 in pio_engine.c
Proc 198: *** Assertion failed (do_write failed) at line  316 in pio_engine.c
Proc 206: *** Assertion failed (POSIXSEEK) at line  970 in pio_engine.c
Proc 206: *** Assertion failed (do_write failed) at line  316 in pio_engine.c
Proc 214: *** Assertion failed (POSIXSEEK) at line  970 in pio_engine.c
Proc 214: *** Assertion failed (do_write failed) at line  316 in pio_engine.c
Proc 250: *** Assertion failed (POSIXSEEK) at line  970 in pio_engine.c
Proc 250: *** Assertion failed (do_write failed) at line  316 in pio_engine.c
Proc 215: *** Assertion failed (POSIXSEEK) at line  970 in pio_engine.c
Proc 215: *** Assertion failed (do_write failed) at line  316 in pio_engine.c
Proc 207: *** Assertion failed (POSIXSEEK) at line  970 in pio_engine.c
Proc 207: *** Assertion failed (do_write failed) at line  316 in pio_engine.c
Proc 199: *** Assertion failed (POSIXSEEK) at line  970 in pio_engine.c
Proc 199: *** Assertion failed (do_write failed) at line  316 in pio_engine.c
Proc 183: *** Assertion failed (POSIXSEEK) at line  970 in pio_engine.c
Proc 183: *** Assertion failed (do_write failed) at line  316 in pio_engine.c
Proc 147: *** Assertion failed (POSIXSEEK) at line  970 in pio_engine.c
Proc 147: *** Assertion failed (do_write failed) at line  316 in pio_engine.c
Proc 143: *** Assertion failed (POSIXSEEK) at line  970 in pio_engine.c
Proc 143: *** Assertion failed (do_write failed) at line  316 in pio_engine.c
Proc 95: *** Assertion failed (POSIXSEEK) at line  970 in pio_engine.c
Proc 95: *** Assertion failed (do_write failed) at line  316 in pio_engine.c
Proc 63: *** Assertion failed (POSIXSEEK) at line  970 in pio_engine.c
Proc 63: *** Assertion failed (do_write failed) at line  316 in pio_engine.c
Proc 39: *** Assertion failed (POSIXSEEK) at line  970 in pio_engine.c
Proc 39: *** Assertion failed (do_write failed) at line  316 in pio_engine.c
Proc 31: *** Assertion failed (POSIXSEEK) at line  970 in pio_engine.c
Proc 31: *** Assertion failed (do_write failed) at line  316 in pio_engine.c
Proc 23: *** Assertion failed (POSIXSEEK) at line  970 in pio_engine.c
Proc 23: *** Assertion failed (do_write failed) at line  316 in pio_engine.c
Proc 15: *** Assertion failed (POSIXSEEK) at line  970 in pio_engine.c
Proc 15: *** Assertion failed (do_write failed) at line  316 in pio_engine.c
aprun: Apid 37282134: Caught signal Terminated, sending to application
_pmiu_daemon(SIGCHLD): [NID 02711] [c4-8c1s4n1] [Mon Apr 11 11:35:31 2016] PE RANK 106 exit signal Terminated
_pmiu_daemon(SIGCHLD): [NID 06462] [c10-8c1s0n2] [Mon Apr 11 11:35:31 2016] PE RANK 193 exit signal Terminated
_pmiu_daemon(SIGCHLD): [NID 08808] [c14-8c1s4n0] [Mon Apr 11 11:35:31 2016] PE RANK 25 exit signal Terminated
_pmiu_daemon(SIGCHLD): [NID 05010] [c8-8c1s6n0] [Mon Apr 11 11:35:31 2016] PE RANK 69 exit signal Terminated
_pmiu_daemon(SIGCHLD): [NID 04158] [c6-8c1s0n2] [Mon Apr 11 11:35:31 2016] PE RANK 225 exit signal Terminated
_pmiu_daemon(SIGCHLD): [NID 05056] [c8-8c1s0n2] [Mon Apr 11 11:35:31 2016] PE RANK 209 exit signal Terminated
_pmiu_daemon(SIGCHLD): [NID 08811] [c14-8c1s5n1] [Mon Apr 11 11:35:31 2016] PE RANK 24 exit signal Terminated
_pmiu_daemon(SIGCHLD): [NID 06501] [c10-8c1s2n1] [Mon Apr 11 11:35:31 2016] PE RANK 62 exit signal Terminated
_pmiu_daemon(SIGCHLD): [NID 04155] [c6-8c1s2n3] [Mon Apr 11 11:35:31 2016] PE RANK 222 exit signal Terminated
_pmiu_daemon(SIGCHLD): [NID 07362] [c12-8c1s1n2] [Mon Apr 11 11:35:31 2016] PE RANK 175 exit signal Terminated
_pmiu_daemon(SIGCHLD): [NID 01901] [c2-8c1s6n1] [Mon Apr 11 11:35:31 2016] PE RANK 116 exit signal Terminated
_pmiu_daemon(SIGCHLD): [NID 08801] [c14-8c1s0n1] [Mon Apr 11 11:35:31 2016] PE RANK 34 exit signal Terminated
_pmiu_daemon(SIGCHLD): [NID 05008] [c8-8c1s7n0] [Mon Apr 11 11:35:31 2016] PE RANK 67 exit signal Terminated
_pmiu_daemon(SIGCHLD): [NID 05016] [c8-8c1s3n0] [Mon Apr 11 11:35:31 2016] PE RANK 75 exit signal Terminated
_pmiu_daemon(SIGCHLD): [NID 06458] [c10-8c1s2n2] [Mon Apr 11 11:35:31 2016] PE RANK 189 exit signal Terminated
_pmiu_daemon(SIGCHLD): [NID 08765] [c14-8c1s1n3] [Mon Apr 11 11:35:31 2016] PE RANK 160 exit signal Terminated
_pmiu_daemon(SIGCHLD): [NID 09628] [c16-8c1s1n0] [Mon Apr 11 11:35:31 2016] PE RANK 17 exit signal Terminated
_pmiu_daemon(SIGCHLD): [NID 01854] [c2-8c1s0n2] [Mon Apr 11 11:35:31 2016] PE RANK 254 exit signal Terminated
_pmiu_daemon(SIGCHLD): [NID 09675] [c16-8c1s5n3] [Mon Apr 11 11:35:31 2016] PE RANK 138 exit signal Terminated
_pmiu_daemon(SIGCHLD): [NID 06511] [c10-8c1s7n1] [Mon Apr 11 11:35:31 2016] PE RANK 52 exit signal Terminated
_pmiu_daemon(SIGCHLD): [NID 07312] [c12-8c1s7n0] [Mon Apr 11 11:35:31 2016] PE RANK 35 exit signal Terminated
_pmiu_daemon(SIGCHLD): [NID 04193] [c6-8c1s0n1] [Mon Apr 11 11:35:31 2016] PE RANK 98 exit signal Terminated
_pmiu_daemon(SIGCHLD): [NID 04154] [c6-8c1s2n2] [Mon Apr 11 11:35:31 2016] PE RANK 221 exit signal Terminated
_pmiu_daemon(SIGCHLD): [NID 02758] [c4-8c1s3n2] [Mon Apr 11 11:35:31 2016] PE RANK 235 exit signal Terminated
_pmiu_daemon(SIGCHLD): [NID 02704] [c4-8c1s7n0] [Mon Apr 11 11:35:31 2016] PE RANK 99 exit signal Terminated
_pmiu_daemon(SIGCHLD): [NID 08762] [c14-8c1s2n2] [Mon Apr 11 11:35:31 2016] PE RANK 157 exit signal Terminated
_pmiu_daemon(SIGCHLD): [NID 07316] [c12-8c1s5n0] [Mon Apr 11 11:35:31 2016] PE RANK 39 exit signal Terminated
_pmiu_daemon(SIGCHLD): [NID 02757] [c4-8c1s2n3] [Mon Apr 11 11:35:31 2016] PE RANK 238 exit signal Terminated
_pmiu_daemon(SIGCHLD): [NID 05021] [c8-8c1s1n1] [Mon Apr 11 11:35:31 2016] PE RANK 80 exit signal Terminated
_pmiu_daemon(SIGCHLD): [NID 08757] [c14-8c1s5n3] [Mon Apr 11 11:35:31 2016] PE RANK 152 exit signal Terminated
_pmiu_daemon(SIGCHLD): [NID 05058] [c8-8c1s1n2] [Mon Apr 11 11:35:31 2016] PE RANK 207 exit signal Terminated
_pmiu_daemon(SIGCHLD): [NID 08766] [c14-8c1s0n2] [Mon Apr 11 11:35:31 2016] PE RANK 161 exit signal Terminated
_pmiu_daemon(SIGCHLD): [NID 02705] [c4-8c1s7n1] [Mon Apr 11 11:35:31 2016] PE RANK 100 exit signal Terminated
_pmiu_daemon(SIGCHLD): [NID 04201] [c6-8c1s4n1] [Mon Apr 11 11:35:31 2016] PE RANK 90 exit signal Terminated
_pmiu_daemon(SIGCHLD): [NID 05012] [c8-8c1s5n0] [Mon Apr 11 11:35:31 2016] PE RANK 71 exit signal Terminated
_pmiu_daemon(SIGCHLD): [NID 06508] [c10-8c1s6n0] [Mon Apr 11 11:35:31 2016] PE RANK 53 exit signal Terminated
_pmiu_daemon(SIGCHLD): [NID 00400] [c0-8c1s7n0] [Mon Apr 11 11:35:31 2016] PE RANK 0 exit signal Terminated
_pmiu_daemon(SIGCHLD): [NID 06499] [c10-8c1s1n1] [Mon Apr 11 11:35:31 2016] PE RANK 64 exit signal Terminated
_pmiu_daemon(SIGCHLD): [NID 05009] [c8-8c1s7n1] [Mon Apr 11 11:35:31 2016] PE RANK 68 exit signal Terminated
_pmiu_daemon(SIGCHLD): [NID 02708] [c4-8c1s5n0] [Mon Apr 11 11:35:31 2016] PE RANK 103 exit signal Terminated
_pmiu_daemon(SIGCHLD): [NID 01853] [c2-8c1s1n3] [Mon Apr 11 11:35:31 2016] PE RANK 253 exit signal Terminated
_pmiu_daemon(SIGCHLD): [NID 01855] [c2-8c1s0n3] [Mon Apr 11 11:35:31 2016] PE RANK 255 exit signal Terminated
_pmiu_daemon(SIGCHLD): [NID 01842] [c2-8c1s6n2] [Mon Apr 11 11:35:31 2016] PE RANK 242 exit signal Terminated
_pmiu_daemon(SIGCHLD): [NID 02756] [c4-8c1s2n2] [Mon Apr 11 11:35:31 2016] PE RANK 237 exit signal Terminated
_pmiu_daemon(SIGCHLD): [NID 02762] [c4-8c1s5n2] [Mon Apr 11 11:35:31 2016] PE RANK 231 exit signal Terminated
_pmiu_daemon(SIGCHLD): [NID 04157] [c6-8c1s1n3] [Mon Apr 11 11:35:31 2016] PE RANK 224 exit signal Terminated
_pmiu_daemon(SIGCHLD): [NID 04147] [c6-8c1s6n3] [Mon Apr 11 11:35:31 2016] PE RANK 214 exit signal Terminated
_pmiu_daemon(SIGCHLD): [NID 05062] [c8-8c1s3n2] [Mon Apr 11 11:35:31 2016] PE RANK 203 exit signal Terminated
_pmiu_daemon(SIGCHLD): [NID 05070] [c8-8c1s7n2] [Mon Apr 11 11:35:31 2016] PE RANK 195 exit signal Terminated
_pmiu_daemon(SIGCHLD): [NID 06457] [c10-8c1s3n3] [Mon Apr 11 11:35:31 2016] PE RANK 188 exit signal Terminated
_pmiu_daemon(SIGCHLD): [NID 06450] [c10-8c1s6n2] [Mon Apr 11 11:35:31 2016] PE RANK 181 exit signal Terminated
_pmiu_daemon(SIGCHLD): [NID 07367] [c12-8c1s3n3] [Mon Apr 11 11:35:31 2016] PE RANK 172 exit signal Terminated
_pmiu_daemon(SIGCHLD): [NID 07371] [c12-8c1s5n3] [Mon Apr 11 11:35:31 2016] PE RANK 168 exit signal Terminated
_pmiu_daemon(SIGCHLD): [NID 08763] [c14-8c1s2n3] [Mon Apr 11 11:35:31 2016] PE RANK 158 exit signal Terminated
_pmiu_daemon(SIGCHLD): [NID 09665] [c16-8c1s0n3] [Mon Apr 11 11:35:31 2016] PE RANK 148 exit signal Terminated
_pmiu_daemon(SIGCHLD): [NID 09672] [c16-8c1s4n2] [Mon Apr 11 11:35:31 2016] PE RANK 139 exit signal Terminated
_pmiu_daemon(SIGCHLD): [NID 00462] [c0-8c1s7n2] [Mon Apr 11 11:35:31 2016] PE RANK 129 exit signal Terminated
_pmiu_daemon(SIGCHLD): [NID 01888] [c2-8c1s0n0] [Mon Apr 11 11:35:31 2016] PE RANK 127 exit signal Terminated
_pmiu_daemon(SIGCHLD): [NID 01900] [c2-8c1s6n0] [Mon Apr 11 11:35:31 2016] PE RANK 115 exit signal Terminated
_pmiu_daemon(SIGCHLD): [NID 02712] [c4-8c1s3n0] [Mon Apr 11 11:35:31 2016] PE RANK 107 exit signal Terminated
_pmiu_daemon(SIGCHLD): [NID 02709] [c4-8c1s5n1] [Mon Apr 11 11:35:31 2016] PE RANK 104 exit signal Terminated
_pmiu_daemon(SIGCHLD): [NID 04198] [c6-8c1s3n0] [Mon Apr 11 11:35:31 2016] PE RANK 91 exit signal Terminated
_pmiu_daemon(SIGCHLD): [NID 04203] [c6-8c1s5n1] [Mon Apr 11 11:35:31 2016] PE RANK 88 exit signal Terminated
_pmiu_daemon(SIGCHLD): [NID 05019] [c8-8c1s2n1] [Mon Apr 11 11:35:31 2016] PE RANK 78 exit signal Terminated
_pmiu_daemon(SIGCHLD): [NID 05011] [c8-8c1s6n1] [Mon Apr 11 11:35:31 2016] PE RANK 70 exit signal Terminated
_pmiu_daemon(SIGCHLD): [NID 06504] [c10-8c1s4n0] [Mon Apr 11 11:35:31 2016] PE RANK 57 exit signal Terminated
_pmiu_daemon(SIGCHLD): [NID 06509] [c10-8c1s6n1] [Mon Apr 11 11:35:31 2016] PE RANK 54 exit signal Terminated
_pmiu_daemon(SIGCHLD): [NID 07324] [c12-8c1s1n0] [Mon Apr 11 11:35:31 2016] PE RANK 47 exit signal Terminated
_pmiu_daemon(SIGCHLD): [NID 08800] [c14-8c1s0n0] [Mon Apr 11 11:35:31 2016] PE RANK 33 exit signal Terminated
_pmiu_daemon(SIGCHLD): [NID 08804] [c14-8c1s2n0] [Mon Apr 11 11:35:31 2016] PE RANK 29 exit signal Terminated
_pmiu_daemon(SIGCHLD): [NID 08810] [c14-8c1s5n0] [Mon Apr 11 11:35:31 2016] PE RANK 23 exit signal Terminated
_pmiu_daemon(SIGCHLD): [NID 09625] [c16-8c1s3n1] [Mon Apr 11 11:35:31 2016] PE RANK 14 exit signal Terminated
_pmiu_daemon(SIGCHLD): [NID 09616] [c16-8c1s7n0] [Mon Apr 11 11:35:31 2016] PE RANK 5 exit signal Terminated
_pmiu_daemon(SIGCHLD): [NID 00404] [c0-8c1s5n0] [Mon Apr 11 11:35:31 2016] PE RANK 4 exit signal Terminated
_pmiu_daemon(SIGCHLD): [NID 09627] [c16-8c1s2n1] [Mon Apr 11 11:35:31 2016] PE RANK 16 exit signal Terminated
_pmiu_daemon(SIGCHLD): [NID 08814] [c14-8c1s7n0] [Mon Apr 11 11:35:31 2016] PE RANK 21 exit signal Terminated
_pmiu_daemon(SIGCHLD): [NID 08806] [c14-8c1s3n0] [Mon Apr 11 11:35:31 2016] PE RANK 27 exit signal Terminated
_pmiu_daemon(SIGCHLD): [NID 07313] [c12-8c1s7n1] [Mon Apr 11 11:35:31 2016] PE RANK 36 exit signal Terminated
_pmiu_daemon(SIGCHLD): [NID 07319] [c12-8c1s4n1] [Mon Apr 11 11:35:31 2016] PE RANK 42 exit signal Terminated
_pmiu_daemon(SIGCHLD): [NID 06510] [c10-8c1s7n0] [Mon Apr 11 11:35:31 2016] PE RANK 51 exit signal Terminated
_pmiu_daemon(SIGCHLD): [NID 06498] [c10-8c1s1n0] [Mon Apr 11 11:35:31 2016] PE RANK 63 exit signal Terminated
_pmiu_daemon(SIGCHLD): [NID 05013] [c8-8c1s5n1] [Mon Apr 11 11:35:31 2016] PE RANK 72 exit signal Terminated
_pmiu_daemon(SIGCHLD): [NID 05018] [c8-8c1s2n0] [Mon Apr 11 11:35:31 2016] PE RANK 77 exit signal Terminated
_pmiu_daemon(SIGCHLD): [NID 04204] [c6-8c1s6n0] [Mon Apr 11 11:35:31 2016] PE RANK 85 exit signal Terminated
_pmiu_daemon(SIGCHLD): [NID 04199] [c6-8c1s3n1] [Mon Apr 11 11:35:31 2016] PE RANK 92 exit signal Terminated
_pmiu_daemon(SIGCHLD): [NID 02706] [c4-8c1s6n0] [Mon Apr 11 11:35:31 2016] PE RANK 101 exit signal Terminated
_pmiu_daemon(SIGCHLD): [NID 02713] [c4-8c1s3n1] [Mon Apr 11 11:35:31 2016] PE RANK 108 exit signal Terminated
_pmiu_daemon(SIGCHLD): [NID 01899] [c2-8c1s5n1] [Mon Apr 11 11:35:31 2016] PE RANK 118 exit signal Terminated
_pmiu_daemon(SIGCHLD): [NID 01893] [c2-8c1s2n1] [Mon Apr 11 11:35:31 2016] PE RANK 124 exit signal Terminated
_pmiu_daemon(SIGCHLD): [NID 09677] [c16-8c1s6n3] [Mon Apr 11 11:35:31 2016] PE RANK 136 exit signal Terminated
_pmiu_daemon(SIGCHLD): [NID 09670] [c16-8c1s3n2] [Mon Apr 11 11:35:31 2016] PE RANK 141 exit signal Terminated
_pmiu_daemon(SIGCHLD): [NID 08756] [c14-8c1s5n2] [Mon Apr 11 11:35:31 2016] PE RANK 151 exit signal Terminated
_pmiu_daemon(SIGCHLD): [NID 08764] [c14-8c1s1n2] [Mon Apr 11 11:35:31 2016] PE RANK 159 exit signal Terminated
_pmiu_daemon(SIGCHLD): [NID 07370] [c12-8c1s5n2] [Mon Apr 11 11:35:31 2016] PE RANK 167 exit signal Terminated
_pmiu_daemon(SIGCHLD): [NID 07365] [c12-8c1s2n3] [Mon Apr 11 11:35:31 2016] PE RANK 174 exit signal Terminated
_pmiu_daemon(SIGCHLD): [NID 06453] [c10-8c1s5n3] [Mon Apr 11 11:35:31 2016] PE RANK 184 exit signal Terminated
_pmiu_daemon(SIGCHLD): [NID 06460] [c10-8c1s1n2] [Mon Apr 11 11:35:31 2016] PE RANK 191 exit signal Terminated
_pmiu_daemon(SIGCHLD): [NID 06463] [c10-8c1s0n3] [Mon Apr 11 11:35:31 2016] PE RANK 194 exit signal Terminated
_pmiu_daemon(SIGCHLD): [NID 05059] [c8-8c1s1n3] [Mon Apr 11 11:35:31 2016] PE RANK 208 exit signal Terminated
_pmiu_daemon(SIGCHLD): [NID 05057] [c8-8c1s0n3] [Mon Apr 11 11:35:31 2016] PE RANK 210 exit signal Terminated
_pmiu_daemon(SIGCHLD): [NID 04153] [c6-8c1s3n3] [Mon Apr 11 11:35:31 2016] PE RANK 220 exit signal Terminated
_pmiu_daemon(SIGCHLD): [NID 02766] [c4-8c1s7n2] [Mon Apr 11 11:35:31 2016] PE RANK 227 exit signal Terminated
_pmiu_daemon(SIGCHLD): [NID 02752] [c4-8c1s0n2] [Mon Apr 11 11:35:31 2016] PE RANK 239 exit signal Terminated
_pmiu_daemon(SIGCHLD): [NID 01847] [c2-8c1s4n3] [Mon Apr 11 11:35:31 2016] PE RANK 247 exit signal Terminated
_pmiu_daemon(SIGCHLD): [NID 01851] [c2-8c1s2n3] [Mon Apr 11 11:35:31 2016] PE RANK 251 exit signal Terminated
_pmiu_daemon(SIGCHLD): [NID 01852] [c2-8c1s1n2] [Mon Apr 11 11:35:31 2016] PE RANK 252 exit signal Terminated
_pmiu_daemon(SIGCHLD): [NID 01845] [c2-8c1s5n3] [Mon Apr 11 11:35:31 2016] PE RANK 245 exit signal Terminated
_pmiu_daemon(SIGCHLD): [NID 02759] [c4-8c1s3n3] [Mon Apr 11 11:35:31 2016] PE RANK 236 exit signal Terminated
_pmiu_daemon(SIGCHLD): [NID 02763] [c4-8c1s5n3] [Mon Apr 11 11:35:31 2016] PE RANK 232 exit signal Terminated
_pmiu_daemon(SIGCHLD): [NID 04151] [c6-8c1s4n3] [Mon Apr 11 11:35:31 2016] PE RANK 218 exit signal Terminated
_pmiu_daemon(SIGCHLD): [NID 04146] [c6-8c1s6n2] [Mon Apr 11 11:35:31 2016] PE RANK 213 exit signal Terminated
_pmiu_daemon(SIGCHLD): [NID 05065] [c8-8c1s4n3] [Mon Apr 11 11:35:31 2016] PE RANK 202 exit signal Terminated
_pmiu_daemon(SIGCHLD): [NID 05067] [c8-8c1s5n3] [Mon Apr 11 11:35:31 2016] PE RANK 200 exit signal Terminated
_pmiu_daemon(SIGCHLD): [NID 06454] [c10-8c1s4n2] [Mon Apr 11 11:35:31 2016] PE RANK 185 exit signal Terminated
_pmiu_daemon(SIGCHLD): [NID 06451] [c10-8c1s6n3] [Mon Apr 11 11:35:31 2016] PE RANK 182 exit signal Terminated
_pmiu_daemon(SIGCHLD): [NID 07364] [c12-8c1s2n2] [Mon Apr 11 11:35:31 2016] PE RANK 173 exit signal Terminated
_pmiu_daemon(SIGCHLD): [NID 07373] [c12-8c1s6n3] [Mon Apr 11 11:35:31 2016] PE RANK 166 exit signal Terminated
_pmiu_daemon(SIGCHLD): [NID 08760] [c14-8c1s3n2] [Mon Apr 11 11:35:31 2016] PE RANK 155 exit signal Terminated
_pmiu_daemon(SIGCHLD): [NID 08752] [c14-8c1s7n2] [Mon Apr 11 11:35:31 2016] PE RANK 149 exit signal Terminated
_pmiu_daemon(SIGCHLD): [NID 09674] [c16-8c1s5n2] [Mon Apr 11 11:35:31 2016] PE RANK 137 exit signal Terminated
_pmiu_daemon(SIGCHLD): [NID 09676] [c16-8c1s6n2] [Mon Apr 11 11:35:31 2016] PE RANK 135 exit signal Terminated
_pmiu_daemon(SIGCHLD): [NID 01890] [c2-8c1s1n0] [Mon Apr 11 11:35:31 2016] PE RANK 125 exit signal Terminated
_pmiu_daemon(SIGCHLD): [NID 01897] [c2-8c1s4n1] [Mon Apr 11 11:35:31 2016] PE RANK 120 exit signal Terminated
_pmiu_daemon(SIGCHLD): [NID 02719] [c4-8c1s0n1] [Mon Apr 11 11:35:31 2016] PE RANK 112 exit signal Terminated
_pmiu_daemon(SIGCHLD): [NID 02707] [c4-8c1s6n1] [Mon Apr 11 11:35:31 2016] PE RANK 102 exit signal Terminated
_pmiu_daemon(SIGCHLD): [NID 04200] [c6-8c1s4n0] [Mon Apr 11 11:35:31 2016] PE RANK 89 exit signal Terminated
_pmiu_daemon(SIGCHLD): [NID 04206] [c6-8c1s7n0] [Mon Apr 11 11:35:31 2016] PE RANK 83 exit signal Terminated
_pmiu_daemon(SIGCHLD): [NID 05017] [c8-8c1s3n1] [Mon Apr 11 11:35:31 2016] PE RANK 76 exit signal Terminated
_pmiu_daemon(SIGCHLD): [NID 06497] [c10-8c1s0n1] [Mon Apr 11 11:35:31 2016] PE RANK 66 exit signal Terminated
_pmiu_daemon(SIGCHLD): [NID 06500] [c10-8c1s2n0] [Mon Apr 11 11:35:31 2016] PE RANK 61 exit signal Terminated
_pmiu_daemon(SIGCHLD): [NID 06506] [c10-8c1s5n0] [Mon Apr 11 11:35:31 2016] PE RANK 55 exit signal Terminated
_pmiu_daemon(SIGCHLD): [NID 07321] [c12-8c1s3n1] [Mon Apr 11 11:35:31 2016] PE RANK 44 exit signal Terminated
_pmiu_daemon(SIGCHLD): [NID 07317] [c12-8c1s5n1] [Mon Apr 11 11:35:31 2016] PE RANK 40 exit signal Terminated
_pmiu_daemon(SIGCHLD): [NID 08803] [c14-8c1s1n1] [Mon Apr 11 11:35:31 2016] PE RANK 32 exit signal Terminated
_pmiu_daemon(SIGCHLD): [NID 09631] [c16-8c1s0n1] [Mon Apr 11 11:35:31 2016] PE RANK 20 exit signal Terminated
_pmiu_daemon(SIGCHLD): [NID 09626] [c16-8c1s2n0] [Mon Apr 11 11:35:31 2016] PE RANK 15 exit signal Terminated
_pmiu_daemon(SIGCHLD): [NID 00401] [c0-8c1s7n1] [Mon Apr 11 11:35:31 2016] PE RANK 1 exit signal Terminated
_pmiu_daemon(SIGCHLD): [NID 09619] [c16-8c1s6n1] [Mon Apr 11 11:35:31 2016] PE RANK 8 exit signal Terminated
_pmiu_daemon(SIGCHLD): [NID 09624] [c16-8c1s3n0] [Mon Apr 11 11:35:31 2016] PE RANK 13 exit signal Terminated
_pmiu_daemon(SIGCHLD): [NID 09630] [c16-8c1s0n0] [Mon Apr 11 11:35:31 2016] PE RANK 19 exit signal Terminated
_pmiu_daemon(SIGCHLD): [NID 08802] [c14-8c1s1n0] [Mon Apr 11 11:35:31 2016] PE RANK 31 exit signal Terminated
_pmiu_daemon(SIGCHLD): [NID 07315] [c12-8c1s6n1] [Mon Apr 11 11:35:31 2016] PE RANK 38 exit signal Terminated
_pmiu_daemon(SIGCHLD): [NID 07325] [c12-8c1s1n1] [Mon Apr 11 11:35:31 2016] PE RANK 48 exit signal Terminated
_pmiu_daemon(SIGCHLD): [NID 07326] [c12-8c1s0n0] [Mon Apr 11 11:35:31 2016] PE RANK 49 exit signal Terminated
_pmiu_daemon(SIGCHLD): [NID 06503] [c10-8c1s3n1] [Mon Apr 11 11:35:31 2016] PE RANK 60 exit signal Terminated
_pmiu_daemon(SIGCHLD): [NID 06496] [c10-8c1s0n0] [Mon Apr 11 11:35:31 2016] PE RANK 65 exit signal Terminated
_pmiu_daemon(SIGCHLD): [NID 05015] [c8-8c1s4n1] [Mon Apr 11 11:35:31 2016] PE RANK 74 exit signal Terminated
_pmiu_daemon(SIGCHLD): [NID 04202] [c6-8c1s5n0] [Mon Apr 11 11:35:31 2016] PE RANK 87 exit signal Terminated
_pmiu_daemon(SIGCHLD): [NID 04196] [c6-8c1s2n0] [Mon Apr 11 11:35:31 2016] PE RANK 93 exit signal Terminated
_pmiu_daemon(SIGCHLD): [NID 04192] [c6-8c1s0n0] [Mon Apr 11 11:35:31 2016] PE RANK 97 exit signal Terminated
_pmiu_daemon(SIGCHLD): [NID 02718] [c4-8c1s0n0] [Mon Apr 11 11:35:31 2016] PE RANK 111 exit signal Terminated
_pmiu_daemon(SIGCHLD): [NID 01896] [c2-8c1s4n0] [Mon Apr 11 11:35:31 2016] PE RANK 119 exit signal Terminated
_pmiu_daemon(SIGCHLD): [NID 01891] [c2-8c1s1n1] [Mon Apr 11 11:35:31 2016] PE RANK 126 exit signal Terminated
_pmiu_daemon(SIGCHLD): [NID 09679] [c16-8c1s7n3] [Mon Apr 11 11:35:31 2016] PE RANK 134 exit signal Terminated
_pmiu_daemon(SIGCHLD): [NID 09671] [c16-8c1s3n3] [Mon Apr 11 11:35:31 2016] PE RANK 142 exit signal Terminated
_pmiu_daemon(SIGCHLD): [NID 09667] [c16-8c1s1n3] [Mon Apr 11 11:35:31 2016] PE RANK 146 exit signal Terminated
_pmiu_daemon(SIGCHLD): [NID 08761] [c14-8c1s3n3] [Mon Apr 11 11:35:31 2016] PE RANK 156 exit signal Terminated
_pmiu_daemon(SIGCHLD): [NID 07372] [c12-8c1s6n2] [Mon Apr 11 11:35:31 2016] PE RANK 165 exit signal Terminated
_pmiu_daemon(SIGCHLD): [NID 07369] [c12-8c1s4n3] [Mon Apr 11 11:35:31 2016] PE RANK 170 exit signal Terminated
_pmiu_daemon(SIGCHLD): [NID 06452] [c10-8c1s5n2] [Mon Apr 11 11:35:31 2016] PE RANK 183 exit signal Terminated
_pmiu_daemon(SIGCHLD): [NID 06456] [c10-8c1s3n2] [Mon Apr 11 11:35:31 2016] PE RANK 187 exit signal Terminated
_pmiu_daemon(SIGCHLD): [NID 05066] [c8-8c1s5n2] [Mon Apr 11 11:35:31 2016] PE RANK 199 exit signal Terminated
_pmiu_daemon(SIGCHLD): [NID 05064] [c8-8c1s4n2] [Mon Apr 11 11:35:31 2016] PE RANK 201 exit signal Terminated
_pmiu_daemon(SIGCHLD): [NID 04144] [c6-8c1s7n2] [Mon Apr 11 11:35:31 2016] PE RANK 211 exit signal Terminated
_pmiu_daemon(SIGCHLD): [NID 04150] [c6-8c1s4n2] [Mon Apr 11 11:35:31 2016] PE RANK 217 exit signal Terminated
_pmiu_daemon(SIGCHLD): [NID 02765] [c4-8c1s6n3] [Mon Apr 11 11:35:31 2016] PE RANK 230 exit signal Terminated
_pmiu_daemon(SIGCHLD): [NID 02761] [c4-8c1s4n3] [Mon Apr 11 11:35:31 2016] PE RANK 234 exit signal Terminated
_pmiu_daemon(SIGCHLD): [NID 01844] [c2-8c1s5n2] [Mon Apr 11 11:35:31 2016] PE RANK 244 exit signal Terminated
_pmiu_daemon(SIGCHLD): [NID 01850] [c2-8c1s2n2] [Mon Apr 11 11:35:31 2016] PE RANK 250 exit signal Terminated
_pmiu_daemon(SIGCHLD): [NID 01849] [c2-8c1s3n3] [Mon Apr 11 11:35:31 2016] PE RANK 249 exit signal Terminated
_pmiu_daemon(SIGCHLD): [NID 01843] [c2-8c1s6n3] [Mon Apr 11 11:35:31 2016] PE RANK 243 exit signal Terminated
_pmiu_daemon(SIGCHLD): [NID 02760] [c4-8c1s4n2] [Mon Apr 11 11:35:31 2016] PE RANK 233 exit signal Terminated
_pmiu_daemon(SIGCHLD): [NID 02764] [c4-8c1s6n2] [Mon Apr 11 11:35:31 2016] PE RANK 229 exit signal Terminated
_pmiu_daemon(SIGCHLD): [NID 04156] [c6-8c1s1n2] [Mon Apr 11 11:35:31 2016] PE RANK 223 exit signal Terminated
_pmiu_daemon(SIGCHLD): [NID 04148] [c6-8c1s5n2] [Mon Apr 11 11:35:31 2016] PE RANK 215 exit signal Terminated
_pmiu_daemon(SIGCHLD): [NID 05061] [c8-8c1s2n3] [Mon Apr 11 11:35:31 2016] PE RANK 206 exit signal Terminated
_pmiu_daemon(SIGCHLD): [NID 05069] [c8-8c1s6n3] [Mon Apr 11 11:35:31 2016] PE RANK 198 exit signal Terminated
_pmiu_daemon(SIGCHLD): [NID 06461] [c10-8c1s1n3] [Mon Apr 11 11:35:31 2016] PE RANK 192 exit signal Terminated
_pmiu_daemon(SIGCHLD): [NID 07360] [c12-8c1s0n2] [Mon Apr 11 11:35:31 2016] PE RANK 177 exit signal Terminated
_pmiu_daemon(SIGCHLD): [NID 07366] [c12-8c1s3n2] [Mon Apr 11 11:35:31 2016] PE RANK 171 exit signal Terminated
_pmiu_daemon(SIGCHLD): [NID 07375] [c12-8c1s7n3] [Mon Apr 11 11:35:31 2016] PE RANK 164 exit signal Terminated
_pmiu_daemon(SIGCHLD): [NID 08759] [c14-8c1s4n3] [Mon Apr 11 11:35:31 2016] PE RANK 154 exit signal Terminated
_pmiu_daemon(SIGCHLD): [NID 09666] [c16-8c1s1n2] [Mon Apr 11 11:35:31 2016] PE RANK 145 exit signal Terminated
_pmiu_daemon(SIGCHLD): [NID 09669] [c16-8c1s2n3] [Mon Apr 11 11:35:31 2016] PE RANK 144 exit signal Terminated
_pmiu_daemon(SIGCHLD): [NID 09678] [c16-8c1s7n2] [Mon Apr 11 11:35:31 2016] PE RANK 133 exit signal Terminated
_pmiu_daemon(SIGCHLD): [NID 01895] [c2-8c1s3n1] [Mon Apr 11 11:35:31 2016] PE RANK 122 exit signal Terminated
_pmiu_daemon(SIGCHLD): [NID 01898] [c2-8c1s5n0] [Mon Apr 11 11:35:31 2016] PE RANK 117 exit signal Terminated
_pmiu_daemon(SIGCHLD): [NID 02714] [c4-8c1s2n0] [Mon Apr 11 11:35:31 2016] PE RANK 109 exit signal Terminated
_pmiu_daemon(SIGCHLD): [NID 04197] [c6-8c1s2n1] [Mon Apr 11 11:35:31 2016] PE RANK 94 exit signal Terminated
_pmiu_daemon(SIGCHLD): [NID 04205] [c6-8c1s6n1] [Mon Apr 11 11:35:31 2016] PE RANK 86 exit signal Terminated
_pmiu_daemon(SIGCHLD): [NID 05014] [c8-8c1s4n0] [Mon Apr 11 11:35:31 2016] PE RANK 73 exit signal Terminated
_pmiu_daemon(SIGCHLD): [NID 06502] [c10-8c1s3n0] [Mon Apr 11 11:35:31 2016] PE RANK 59 exit signal Terminated
_pmiu_daemon(SIGCHLD): [NID 06507] [c10-8c1s5n1] [Mon Apr 11 11:35:31 2016] PE RANK 56 exit signal Terminated
_pmiu_daemon(SIGCHLD): [NID 07318] [c12-8c1s4n0] [Mon Apr 11 11:35:31 2016] PE RANK 41 exit signal Terminated
_pmiu_daemon(SIGCHLD): [NID 07314] [c12-8c1s6n0] [Mon Apr 11 11:35:31 2016] PE RANK 37 exit signal Terminated
_pmiu_daemon(SIGCHLD): [NID 08805] [c14-8c1s2n1] [Mon Apr 11 11:35:31 2016] PE RANK 30 exit signal Terminated
_pmiu_daemon(SIGCHLD): [NID 09629] [c16-8c1s1n1] [Mon Apr 11 11:35:31 2016] PE RANK 18 exit signal Terminated
_pmiu_daemon(SIGCHLD): [NID 09621] [c16-8c1s5n1] [Mon Apr 11 11:35:31 2016] PE RANK 10 exit signal Terminated
_pmiu_daemon(SIGCHLD): [NID 09617] [c16-8c1s7n1] [Mon Apr 11 11:35:31 2016] PE RANK 6 exit signal Terminated
_pmiu_daemon(SIGCHLD): [NID 00403] [c0-8c1s6n1] [Mon Apr 11 11:35:31 2016] PE RANK 3 exit signal Terminated
_pmiu_daemon(SIGCHLD): [NID 09623] [c16-8c1s4n1] [Mon Apr 11 11:35:31 2016] PE RANK 12 exit signal Terminated
_pmiu_daemon(SIGCHLD): [NID 08807] [c14-8c1s3n1] [Mon Apr 11 11:35:31 2016] PE RANK 28 exit signal Terminated
_pmiu_daemon(SIGCHLD): [NID 07323] [c12-8c1s2n1] [Mon Apr 11 11:35:31 2016] PE RANK 46 exit signal Terminated
_pmiu_daemon(SIGCHLD): [NID 06505] [c10-8c1s4n1] [Mon Apr 11 11:35:31 2016] PE RANK 58 exit signal Terminated
_pmiu_daemon(SIGCHLD): [NID 05020] [c8-8c1s1n0] [Mon Apr 11 11:35:31 2016] PE RANK 79 exit signal Terminated
_pmiu_daemon(SIGCHLD): [NID 05023] [c8-8c1s0n1] [Mon Apr 11 11:35:31 2016] PE RANK 82 exit signal Terminated
_pmiu_daemon(SIGCHLD): [NID 04195] [c6-8c1s1n1] [Mon Apr 11 11:35:31 2016] PE RANK 96 exit signal Terminated
_pmiu_daemon(SIGCHLD): [NID 02715] [c4-8c1s2n1] [Mon Apr 11 11:35:31 2016] PE RANK 110 exit signal Terminated
_pmiu_daemon(SIGCHLD): [NID 01902] [c2-8c1s7n0] [Mon Apr 11 11:35:31 2016] PE RANK 113 exit signal Terminated
_pmiu_daemon(SIGCHLD): [NID 01889] [c2-8c1s0n1] [Mon Apr 11 11:35:31 2016] PE RANK 128 exit signal Terminated
_pmiu_daemon(SIGCHLD): [NID 00461] [c0-8c1s6n3] [Mon Apr 11 11:35:31 2016] PE RANK 132 exit signal Terminated
_pmiu_daemon(SIGCHLD): [NID 09668] [c16-8c1s2n2] [Mon Apr 11 11:35:31 2016] PE RANK 143 exit signal Terminated
_pmiu_daemon(SIGCHLD): [NID 08753] [c14-8c1s7n3] [Mon Apr 11 11:35:31 2016] PE RANK 150 exit signal Terminated
_pmiu_daemon(SIGCHLD): [NID 08758] [c14-8c1s4n2] [Mon Apr 11 11:35:31 2016] PE RANK 153 exit signal Terminated
_pmiu_daemon(SIGCHLD): [NID 07374] [c12-8c1s7n2] [Mon Apr 11 11:35:31 2016] PE RANK 163 exit signal Terminated
_pmiu_daemon(SIGCHLD): [NID 07368] [c12-8c1s4n2] [Mon Apr 11 11:35:31 2016] PE RANK 169 exit signal Terminated
_pmiu_daemon(SIGCHLD): [NID 06449] [c10-8c1s7n3] [Mon Apr 11 11:35:31 2016] PE RANK 180 exit signal Terminated
_pmiu_daemon(SIGCHLD): [NID 06459] [c10-8c1s2n3] [Mon Apr 11 11:35:31 2016] PE RANK 190 exit signal Terminated
_pmiu_daemon(SIGCHLD): [NID 05071] [c8-8c1s7n3] [Mon Apr 11 11:35:31 2016] PE RANK 196 exit signal Terminated
_pmiu_daemon(SIGCHLD): [NID 05060] [c8-8c1s2n2] [Mon Apr 11 11:35:31 2016] PE RANK 205 exit signal Terminated
_pmiu_daemon(SIGCHLD): [NID 04159] [c6-8c1s0n3] [Mon Apr 11 11:35:31 2016] PE RANK 226 exit signal Terminated
_pmiu_daemon(SIGCHLD): [NID 02753] [c4-8c1s0n3] [Mon Apr 11 11:35:31 2016] PE RANK 240 exit signal Terminated
_pmiu_daemon(SIGCHLD): [NID 01840] [c2-8c1s7n2] [Mon Apr 11 11:35:31 2016] PE RANK 241 exit signal Terminated
_pmiu_daemon(SIGCHLD): [NID 01848] [c2-8c1s3n2] [Mon Apr 11 11:35:31 2016] PE RANK 248 exit signal Terminated
_pmiu_daemon(SIGCHLD): [NID 02767] [c4-8c1s7n3] [Mon Apr 11 11:35:31 2016] PE RANK 228 exit signal Terminated
_pmiu_daemon(SIGCHLD): [NID 04152] [c6-8c1s3n2] [Mon Apr 11 11:35:31 2016] PE RANK 219 exit signal Terminated
_pmiu_daemon(SIGCHLD): [NID 04145] [c6-8c1s7n3] [Mon Apr 11 11:35:31 2016] PE RANK 212 exit signal Terminated
_pmiu_daemon(SIGCHLD): [NID 05063] [c8-8c1s3n3] [Mon Apr 11 11:35:31 2016] PE RANK 204 exit signal Terminated
_pmiu_daemon(SIGCHLD): [NID 05068] [c8-8c1s6n2] [Mon Apr 11 11:35:31 2016] PE RANK 197 exit signal Terminated
_pmiu_daemon(SIGCHLD): [NID 06455] [c10-8c1s4n3] [Mon Apr 11 11:35:31 2016] PE RANK 186 exit signal Terminated
_pmiu_daemon(SIGCHLD): [NID 06448] [c10-8c1s7n2] [Mon Apr 11 11:35:31 2016] PE RANK 179 exit signal Terminated
_pmiu_daemon(SIGCHLD): [NID 07363] [c12-8c1s1n3] [Mon Apr 11 11:35:31 2016] PE RANK 176 exit signal Terminated
_pmiu_daemon(SIGCHLD): [NID 08767] [c14-8c1s0n3] [Mon Apr 11 11:35:31 2016] PE RANK 162 exit signal Terminated
_pmiu_daemon(SIGCHLD): [NID 09664] [c16-8c1s0n2] [Mon Apr 11 11:35:31 2016] PE RANK 147 exit signal Terminated
_pmiu_daemon(SIGCHLD): [NID 09673] [c16-8c1s4n3] [Mon Apr 11 11:35:31 2016] PE RANK 140 exit signal Terminated
_pmiu_daemon(SIGCHLD): [NID 00460] [c0-8c1s6n2] [Mon Apr 11 11:35:31 2016] PE RANK 131 exit signal Terminated
_pmiu_daemon(SIGCHLD): [NID 01892] [c2-8c1s2n0] [Mon Apr 11 11:35:31 2016] PE RANK 123 exit signal Terminated
_pmiu_daemon(SIGCHLD): [NID 01903] [c2-8c1s7n1] [Mon Apr 11 11:35:31 2016] PE RANK 114 exit signal Terminated
_pmiu_daemon(SIGCHLD): [NID 02710] [c4-8c1s4n0] [Mon Apr 11 11:35:31 2016] PE RANK 105 exit signal Terminated
_pmiu_daemon(SIGCHLD): [NID 04194] [c6-8c1s1n0] [Mon Apr 11 11:35:31 2016] PE RANK 95 exit signal Terminated
_pmiu_daemon(SIGCHLD): [NID 05022] [c8-8c1s0n0] [Mon Apr 11 11:35:31 2016] PE RANK 81 exit signal Terminated
_pmiu_daemon(SIGCHLD): [NID 07327] [c12-8c1s0n1] [Mon Apr 11 11:35:31 2016] PE RANK 50 exit signal Terminated
_pmiu_daemon(SIGCHLD): [NID 07322] [c12-8c1s2n0] [Mon Apr 11 11:35:31 2016] PE RANK 45 exit signal Terminated
_pmiu_daemon(SIGCHLD): [NID 08809] [c14-8c1s4n1] [Mon Apr 11 11:35:31 2016] PE RANK 26 exit signal Terminated
_pmiu_daemon(SIGCHLD): [NID 08815] [c14-8c1s7n1] [Mon Apr 11 11:35:31 2016] PE RANK 22 exit signal Terminated
_pmiu_daemon(SIGCHLD): [NID 09620] [c16-8c1s5n0] [Mon Apr 11 11:35:31 2016] PE RANK 9 exit signal Terminated
_pmiu_daemon(SIGCHLD): [NID 00402] [c0-8c1s6n0] [Mon Apr 11 11:35:31 2016] PE RANK 2 exit signal Terminated
_pmiu_daemon(SIGCHLD): [NID 09618] [c16-8c1s6n0] [Mon Apr 11 11:35:31 2016] PE RANK 7 exit signal Terminated
_pmiu_daemon(SIGCHLD): [NID 09622] [c16-8c1s4n0] [Mon Apr 11 11:35:31 2016] PE RANK 11 exit signal Terminated
_pmiu_daemon(SIGCHLD): [NID 07320] [c12-8c1s3n0] [Mon Apr 11 11:35:31 2016] PE RANK 43 exit signal Terminated
_pmiu_daemon(SIGCHLD): [NID 04207] [c6-8c1s7n1] [Mon Apr 11 11:35:31 2016] PE RANK 84 exit signal Terminated
_pmiu_daemon(SIGCHLD): [NID 01894] [c2-8c1s3n0] [Mon Apr 11 11:35:31 2016] PE RANK 121 exit signal Terminated
_pmiu_daemon(SIGCHLD): [NID 00463] [c0-8c1s7n3] [Mon Apr 11 11:35:31 2016] PE RANK 130 exit signal Terminated
_pmiu_daemon(SIGCHLD): [NID 07361] [c12-8c1s0n3] [Mon Apr 11 11:35:31 2016] PE RANK 178 exit signal Terminated
_pmiu_daemon(SIGCHLD): [NID 04149] [c6-8c1s5n3] [Mon Apr 11 11:35:31 2016] PE RANK 216 exit signal Terminated
_pmiu_daemon(SIGCHLD): [NID 01846] [c2-8c1s4n2] [Mon Apr 11 11:35:31 2016] PE RANK 246 exit signal Terminated
