HDF5 Library: Version 1.8.16
rank 0: ==== Parameters ====
rank 0: IO API=phdf5 
rank 0: Number of files=1
rank 0: Number of datasets=1
rank 0: Number of iterations=5
rank 0: Number of processes=64:64
rank 0: Number of bytes per process per dataset=1GB
rank 0: Size of dataset(s)=64GB:64GB
rank 0: File size=64GB:64GB
rank 0: Transfer buffer size=1GB:1GB
rank 0: Block size=1GB
rank 0: Block Pattern in Dataset=Contiguous
rank 0: I/O Method for MPI and HDF5=Collective
rank 0: Geometry=1D
rank 0: VFL used for HDF5 I/O=MPI-IO driver
rank 0: Data storage method in HDF5=Contiguous
rank 0: Env HDF5_PARAPREFIX=/scratch/sciteam/heber/4385741.bw
rank 0: Dumping MPI Info Object(469762048) (up to 1024 bytes per item):
object is MPI_INFO_NULL
rank 0: ==== End of Parameters ====

Number of processors = 64
Transfer Buffer Size: 1073741824 bytes, File size: 65536.00 MBs
      # of files: 1, # of datasets: 1, dataset size: 65536.00 MBs
        IO API = PHDF5 (w/MPI-IO driver)
            Write (5 iteration(s)):
                Maximum Throughput: 9171.26 MB/s
                Average Throughput: 7898.94 MB/s
                Minimum Throughput: 7116.86 MB/s
            Write Open-Close (5 iteration(s)):
                Maximum Throughput: 7665.79 MB/s
                Average Throughput: 7006.88 MB/s
                Minimum Throughput: 6381.67 MB/s
            Read (5 iteration(s)):
                Maximum Throughput: 7059.35 MB/s
                Average Throughput: 5672.06 MB/s
                Minimum Throughput: 3746.24 MB/s
            Read Open-Close (5 iteration(s)):
                Maximum Throughput: 6982.80 MB/s
                Average Throughput: 5633.15 MB/s
                Minimum Throughput: 3732.40 MB/s
Application 37296891 resources: utime ~4024s, stime ~1731s, Rss ~1068600, inblocks ~671797799, outblocks ~672833321
