HDF5 Library: Version 1.8.16
rank 0: ==== Parameters ====
rank 0: IO API=phdf5 
rank 0: Number of files=1
rank 0: Number of datasets=1
rank 0: Number of iterations=5
rank 0: Number of processes=8:8
rank 0: Number of bytes per process per dataset=1GB
rank 0: Size of dataset(s)=8GB:8GB
rank 0: File size=8GB:8GB
rank 0: Transfer buffer size=1GB:1GB
rank 0: Block size=1GB
rank 0: Block Pattern in Dataset=Contiguous
rank 0: I/O Method for MPI and HDF5=Independent
rank 0: Geometry=1D
rank 0: VFL used for HDF5 I/O=MPI-IO driver
rank 0: Data storage method in HDF5=Contiguous
rank 0: Env HDF5_PARAPREFIX=/scratch/sciteam/heber/4376326.bw
rank 0: Dumping MPI Info Object(469762048) (up to 1024 bytes per item):
object is MPI_INFO_NULL
rank 0: ==== End of Parameters ====

Number of processors = 8
Transfer Buffer Size: 1073741824 bytes, File size: 8192.00 MBs
      # of files: 1, # of datasets: 1, dataset size: 8192.00 MBs
        IO API = PHDF5 (w/MPI-IO driver)
            Write (5 iteration(s)):
                Maximum Throughput: 3345.25 MB/s
                Average Throughput: 2799.07 MB/s
                Minimum Throughput: 2318.29 MB/s
            Write Open-Close (5 iteration(s)):
                Maximum Throughput: 2374.84 MB/s
                Average Throughput: 2001.71 MB/s
                Minimum Throughput: 1563.50 MB/s
            Read (5 iteration(s)):
                Maximum Throughput: 1494.46 MB/s
                Average Throughput: 993.82 MB/s
                Minimum Throughput: 743.14 MB/s
            Read Open-Close (5 iteration(s)):
                Maximum Throughput: 1474.04 MB/s
                Average Throughput: 984.85 MB/s
                Minimum Throughput: 739.80 MB/s
Application 37281364 resources: utime ~215s, stime ~256s, Rss ~1068028, inblocks ~83977890, outblocks ~84104178
