HDF5 Library: Version 1.8.16
rank 0: ==== Parameters ====
rank 0: IO API=phdf5 
rank 0: Number of files=1
rank 0: Number of datasets=1
rank 0: Number of iterations=5
rank 0: Number of processes=8:8
rank 0: Number of bytes per process per dataset=1GB
rank 0: Size of dataset(s)=8GB:8GB
rank 0: File size=8GB:8GB
rank 0: Transfer buffer size=1GB:1GB
rank 0: Block size=1GB
rank 0: Block Pattern in Dataset=Contiguous
rank 0: I/O Method for MPI and HDF5=Collective
rank 0: Geometry=1D
rank 0: VFL used for HDF5 I/O=MPI-IO driver
rank 0: Data storage method in HDF5=Contiguous
rank 0: Env HDF5_PARAPREFIX=/scratch/sciteam/heber/4376327.bw
rank 0: Dumping MPI Info Object(469762048) (up to 1024 bytes per item):
object is MPI_INFO_NULL
rank 0: ==== End of Parameters ====

Number of processors = 8
Transfer Buffer Size: 1073741824 bytes, File size: 8192.00 MBs
      # of files: 1, # of datasets: 1, dataset size: 8192.00 MBs
        IO API = PHDF5 (w/MPI-IO driver)
            Write (5 iteration(s)):
                Maximum Throughput: 2245.93 MB/s
                Average Throughput: 1720.38 MB/s
                Minimum Throughput: 1186.52 MB/s
            Write Open-Close (5 iteration(s)):
                Maximum Throughput: 759.99 MB/s
                Average Throughput: 645.62 MB/s
                Minimum Throughput: 557.88 MB/s
            Read (5 iteration(s)):
                Maximum Throughput: 1765.45 MB/s
                Average Throughput: 1464.50 MB/s
                Minimum Throughput: 977.45 MB/s
            Read Open-Close (5 iteration(s)):
                Maximum Throughput: 1752.52 MB/s
                Average Throughput: 1454.92 MB/s
                Minimum Throughput: 973.53 MB/s
Application 37281365 resources: utime ~578s, stime ~168s, Rss ~1070000, inblocks ~83990193, outblocks ~84111024
