HDF5 Library: Version 1.8.16
rank 0: ==== Parameters ====
rank 0: IO API=phdf5 
rank 0: Number of files=1
rank 0: Number of datasets=1
rank 0: Number of iterations=5
rank 0: Number of processes=1:1
rank 0: Number of bytes per process per dataset=1GB
rank 0: Size of dataset(s)=1GB:1GB
rank 0: File size=1GB:1GB
rank 0: Transfer buffer size=1GB:1GB
rank 0: Block size=1GB
rank 0: Block Pattern in Dataset=Contiguous
rank 0: I/O Method for MPI and HDF5=Collective
rank 0: Geometry=1D
rank 0: VFL used for HDF5 I/O=MPI-IO driver
rank 0: Data storage method in HDF5=Contiguous
rank 0: Env HDF5_PARAPREFIX=/scratch/sciteam/heber/4376228.bw
rank 0: Dumping MPI Info Object(469762048) (up to 1024 bytes per item):
object is MPI_INFO_NULL
rank 0: ==== End of Parameters ====

Number of processors = 1
Transfer Buffer Size: 1073741824 bytes, File size: 1024.00 MBs
      # of files: 1, # of datasets: 1, dataset size: 1024.00 MBs
        IO API = PHDF5 (w/MPI-IO driver)
            Write (5 iteration(s)):
                Maximum Throughput: 482.30 MB/s
                Average Throughput: 465.84 MB/s
                Minimum Throughput: 437.93 MB/s
            Write Open-Close (5 iteration(s)):
                Maximum Throughput: 472.63 MB/s
                Average Throughput: 453.30 MB/s
                Minimum Throughput: 428.23 MB/s
            Read (5 iteration(s)):
                Maximum Throughput: 2053.93 MB/s
                Average Throughput: 1156.45 MB/s
                Minimum Throughput: 428.16 MB/s
            Read Open-Close (5 iteration(s)):
                Maximum Throughput: 1897.03 MB/s
                Average Throughput: 1087.00 MB/s
                Minimum Throughput: 423.29 MB/s
Application 37281161 resources: utime ~3s, stime ~18s, Rss ~1062800, inblocks ~10496596, outblocks ~10513038
