HDF5 Library: Version 1.8.16
rank 0: ==== Parameters ====
rank 0: IO API=phdf5 
rank 0: Number of files=1
rank 0: Number of datasets=1
rank 0: Number of iterations=5
rank 0: Number of processes=4:4
rank 0: Number of bytes per process per dataset=1GB
rank 0: Size of dataset(s)=4GB:4GB
rank 0: File size=4GB:4GB
rank 0: Transfer buffer size=1GB:1GB
rank 0: Block size=1GB
rank 0: Block Pattern in Dataset=Contiguous
rank 0: I/O Method for MPI and HDF5=Collective
rank 0: Geometry=1D
rank 0: VFL used for HDF5 I/O=MPI-IO driver
rank 0: Data storage method in HDF5=Contiguous
rank 0: Env HDF5_PARAPREFIX=/scratch/sciteam/heber/4376315.bw
rank 0: Dumping MPI Info Object(469762048) (up to 1024 bytes per item):
object is MPI_INFO_NULL
rank 0: ==== End of Parameters ====

Number of processors = 4
Transfer Buffer Size: 1073741824 bytes, File size: 4096.00 MBs
      # of files: 1, # of datasets: 1, dataset size: 4096.00 MBs
        IO API = PHDF5 (w/MPI-IO driver)
            Write (5 iteration(s)):
                Maximum Throughput: 1591.28 MB/s
                Average Throughput: 1223.24 MB/s
                Minimum Throughput: 883.64 MB/s
            Write Open-Close (5 iteration(s)):
                Maximum Throughput: 675.76 MB/s
                Average Throughput: 612.07 MB/s
                Minimum Throughput: 517.99 MB/s
            Read (5 iteration(s)):
                Maximum Throughput: 1315.91 MB/s
                Average Throughput: 1036.61 MB/s
                Minimum Throughput: 605.70 MB/s
            Read Open-Close (5 iteration(s)):
                Maximum Throughput: 1299.43 MB/s
                Average Throughput: 1026.30 MB/s
                Minimum Throughput: 602.17 MB/s
Application 37281309 resources: utime ~122s, stime ~85s, Rss ~1069860, inblocks ~42010466, outblocks ~42054901
