Open took: (0.000045 s)
Stat took: (0.000003 s)
         0-      2047 (      2048 bytes) (H5FD_MEM_DEFAULT) Allocated
         0-        47 (        48 bytes) (H5FD_MEM_DEFAULT) Written (fresh) (0.000036s @ 33109.924427)
      2048-   5531647 (   5529600 bytes) (H5FD_MEM_DRAW) Allocated
      2048-   5531647 (   5529600 bytes) (H5FD_MEM_DRAW) Written (0.004721s @ 33109.935968)
   5531648-  11061247 (   5529600 bytes) (H5FD_MEM_DRAW) Allocated
   5531648-  11061247 (   5529600 bytes) (H5FD_MEM_DRAW) Written (0.002807s @ 33109.948686)
  11061248-  16590847 (   5529600 bytes) (H5FD_MEM_DRAW) Allocated
  11061248-  16590847 (   5529600 bytes) (H5FD_MEM_DRAW) Written (0.002351s @ 33109.957918)
  16590848-  16592895 (      2048 bytes) (H5FD_MEM_DEFAULT) Allocated
  16592896-  22122495 (   5529600 bytes) (H5FD_MEM_DRAW) Allocated
  16592896-  22122495 (   5529600 bytes) (H5FD_MEM_DRAW) Written (0.002285s @ 33109.966484)
  22122496-  27652095 (   5529600 bytes) (H5FD_MEM_DRAW) Allocated
  22122496-  27652095 (   5529600 bytes) (H5FD_MEM_DRAW) Written (0.002297s @ 33109.974861)
  27652096-  33181695 (   5529600 bytes) (H5FD_MEM_DRAW) Allocated
  27652096-  33181695 (   5529600 bytes) (H5FD_MEM_DRAW) Written (0.002289s @ 33109.983091)
  33181696-  33183743 (      2048 bytes) (H5FD_MEM_DEFAULT) Allocated
  33183744-  38713343 (   5529600 bytes) (H5FD_MEM_DRAW) Allocated
  33183744-  38713343 (   5529600 bytes) (H5FD_MEM_DRAW) Written (0.002090s @ 33109.991216)
  38713344-  44242943 (   5529600 bytes) (H5FD_MEM_DRAW) Allocated
  38713344-  44242943 (   5529600 bytes) (H5FD_MEM_DRAW) Written (0.002058s @ 33109.998942)
  44242944-  44244991 (      2048 bytes) (H5FD_MEM_DEFAULT) Allocated
  44244992-  49774591 (   5529600 bytes) (H5FD_MEM_DRAW) Allocated
  44244992-  49774591 (   5529600 bytes) (H5FD_MEM_DRAW) Written (0.002053s @ 33110.006689)
  49774592-  55304191 (   5529600 bytes) (H5FD_MEM_DRAW) Allocated
  49774592-  55304191 (   5529600 bytes) (H5FD_MEM_DRAW) Written (0.002054s @ 33110.014280)
  55304192-  60833791 (   5529600 bytes) (H5FD_MEM_DRAW) Allocated
  55304192-  60833791 (   5529600 bytes) (H5FD_MEM_DRAW) Written (0.001999s @ 33110.021807)
  60833792-  66363391 (   5529600 bytes) (H5FD_MEM_DRAW) Allocated
  60833792-  66363391 (   5529600 bytes) (H5FD_MEM_DRAW) Written (0.002000s @ 33110.029256)
  66363392-  66365439 (      2048 bytes) (H5FD_MEM_DEFAULT) Allocated
  66365440-  71895039 (   5529600 bytes) (H5FD_MEM_DRAW) Allocated
  66365440-  71895039 (   5529600 bytes) (H5FD_MEM_DRAW) Written (0.001942s @ 33110.036679)
  71895040-  77424639 (   5529600 bytes) (H5FD_MEM_DRAW) Allocated
  71895040-  77424639 (   5529600 bytes) (H5FD_MEM_DRAW) Written (0.001936s @ 33110.043991)
  77424640-  82954239 (   5529600 bytes) (H5FD_MEM_DRAW) Allocated
  77424640-  82954239 (   5529600 bytes) (H5FD_MEM_DRAW) Written (0.001946s @ 33110.051259)
  82954240-  82956287 (      2048 bytes) (H5FD_MEM_DEFAULT) Allocated
  82956288-  88485887 (   5529600 bytes) (H5FD_MEM_DRAW) Allocated
  82956288-  88485887 (   5529600 bytes) (H5FD_MEM_DRAW) Written (0.001924s @ 33110.058529)
  88485888-  94015487 (   5529600 bytes) (H5FD_MEM_DRAW) Allocated
  88485888-  94015487 (   5529600 bytes) (H5FD_MEM_DRAW) Written (0.001905s @ 33110.065753)
  94015488-  99545087 (   5529600 bytes) (H5FD_MEM_DRAW) Allocated
  94015488-  99545087 (   5529600 bytes) (H5FD_MEM_DRAW) Written (0.001889s @ 33110.072919)
  99545088- 105074687 (   5529600 bytes) (H5FD_MEM_DRAW) Allocated
  99545088- 105074687 (   5529600 bytes) (H5FD_MEM_DRAW) Written (0.001846s @ 33110.080059)
 105074688- 105076735 (      2048 bytes) (H5FD_MEM_DEFAULT) Allocated
 105076736- 110606335 (   5529600 bytes) (H5FD_MEM_DRAW) Allocated
 105076736- 110606335 (   5529600 bytes) (H5FD_MEM_DRAW) Written (0.001823s @ 33110.087082)
 110606336- 116135935 (   5529600 bytes) (H5FD_MEM_DRAW) Allocated
 110606336- 116135935 (   5529600 bytes) (H5FD_MEM_DRAW) Written (0.001842s @ 33110.094042)
 116135936- 121665535 (   5529600 bytes) (H5FD_MEM_DRAW) Allocated
 116135936- 121665535 (   5529600 bytes) (H5FD_MEM_DRAW) Written (0.001828s @ 33110.101033)
 121665536- 121667583 (      2048 bytes) (H5FD_MEM_DEFAULT) Allocated
 121667584- 127197183 (   5529600 bytes) (H5FD_MEM_DRAW) Allocated
 121667584- 127197183 (   5529600 bytes) (H5FD_MEM_DRAW) Written (0.001860s @ 33110.108075)
 127197184- 132726783 (   5529600 bytes) (H5FD_MEM_DRAW) Allocated
 127197184- 132726783 (   5529600 bytes) (H5FD_MEM_DRAW) Written (0.001856s @ 33110.115094)
 132726784- 138256383 (   5529600 bytes) (H5FD_MEM_DRAW) Allocated
 132726784- 138256383 (   5529600 bytes) (H5FD_MEM_DRAW) Written (0.001841s @ 33110.122096)
 138256384- 143785983 (   5529600 bytes) (H5FD_MEM_DRAW) Allocated
 138256384- 143785983 (   5529600 bytes) (H5FD_MEM_DRAW) Written (0.001843s @ 33110.129100)
 143785984- 143788031 (      2048 bytes) (H5FD_MEM_DEFAULT) Allocated
 143788032- 149317631 (   5529600 bytes) (H5FD_MEM_DRAW) Allocated
 143788032- 149317631 (   5529600 bytes) (H5FD_MEM_DRAW) Written (0.001828s @ 33110.136096)
 149317632- 154847231 (   5529600 bytes) (H5FD_MEM_DRAW) Allocated
 149317632- 154847231 (   5529600 bytes) (H5FD_MEM_DRAW) Written (0.001842s @ 33110.143059)
 154847232- 160376831 (   5529600 bytes) (H5FD_MEM_DRAW) Allocated
 154847232- 160376831 (   5529600 bytes) (H5FD_MEM_DRAW) Written (0.001825s @ 33110.150039)
 160376832- 160378879 (      2048 bytes) (H5FD_MEM_DEFAULT) Allocated
 160378880- 165908479 (   5529600 bytes) (H5FD_MEM_DRAW) Allocated
 160378880- 165908479 (   5529600 bytes) (H5FD_MEM_DRAW) Written (0.001839s @ 33110.157013)
 165908480- 171438079 (   5529600 bytes) (H5FD_MEM_DRAW) Allocated
 165908480- 171438079 (   5529600 bytes) (H5FD_MEM_DRAW) Written (0.001831s @ 33110.163993)
 171438080- 176967679 (   5529600 bytes) (H5FD_MEM_DRAW) Allocated
 171438080- 176967679 (   5529600 bytes) (H5FD_MEM_DRAW) Written (0.001833s @ 33110.170960)
 176967680- 182497279 (   5529600 bytes) (H5FD_MEM_DRAW) Allocated
 176967680- 182497279 (   5529600 bytes) (H5FD_MEM_DRAW) Written (0.001836s @ 33110.177942)
 182497280- 182499327 (      2048 bytes) (H5FD_MEM_DEFAULT) Allocated
 182499328- 188028927 (   5529600 bytes) (H5FD_MEM_DRAW) Allocated
 182499328- 188028927 (   5529600 bytes) (H5FD_MEM_DRAW) Written (0.001831s @ 33110.184995)
 188028928- 193558527 (   5529600 bytes) (H5FD_MEM_DRAW) Allocated
 188028928- 193558527 (   5529600 bytes) (H5FD_MEM_DRAW) Written (0.001830s @ 33110.191975)
 193558528- 199088127 (   5529600 bytes) (H5FD_MEM_DRAW) Allocated
 193558528- 199088127 (   5529600 bytes) (H5FD_MEM_DRAW) Written (0.001832s @ 33110.198956)
 199088128- 199090175 (      2048 bytes) (H5FD_MEM_DEFAULT) Allocated
 199090176- 204619775 (   5529600 bytes) (H5FD_MEM_DRAW) Allocated
 199090176- 204619775 (   5529600 bytes) (H5FD_MEM_DRAW) Written (0.001841s @ 33110.205943)
 204619776- 210149375 (   5529600 bytes) (H5FD_MEM_DRAW) Allocated
 204619776- 210149375 (   5529600 bytes) (H5FD_MEM_DRAW) Written (0.001843s @ 33110.212936)
 210149376- 215678975 (   5529600 bytes) (H5FD_MEM_DRAW) Allocated
 210149376- 215678975 (   5529600 bytes) (H5FD_MEM_DRAW) Written (0.001842s @ 33110.219922)
 215678976- 221208575 (   5529600 bytes) (H5FD_MEM_DRAW) Allocated
 215678976- 221208575 (   5529600 bytes) (H5FD_MEM_DRAW) Written (0.001827s @ 33110.226913)
 221208576- 221210623 (      2048 bytes) (H5FD_MEM_DEFAULT) Allocated
 221210624- 226740223 (   5529600 bytes) (H5FD_MEM_DRAW) Allocated
 221210624- 226740223 (   5529600 bytes) (H5FD_MEM_DRAW) Written (0.001810s @ 33110.233887)
 226740224- 232269823 (   5529600 bytes) (H5FD_MEM_DRAW) Allocated
 226740224- 232269823 (   5529600 bytes) (H5FD_MEM_DRAW) Written (0.001826s @ 33110.240841)
 232269824- 237799423 (   5529600 bytes) (H5FD_MEM_DRAW) Allocated
 232269824- 237799423 (   5529600 bytes) (H5FD_MEM_DRAW) Written (0.001830s @ 33110.247807)
 237799424- 237801471 (      2048 bytes) (H5FD_MEM_DEFAULT) Allocated
 237801472- 243331071 (   5529600 bytes) (H5FD_MEM_DRAW) Allocated
 237801472- 243331071 (   5529600 bytes) (H5FD_MEM_DRAW) Written (0.001844s @ 33110.254788)
 243331072- 248860671 (   5529600 bytes) (H5FD_MEM_DRAW) Allocated
 243331072- 248860671 (   5529600 bytes) (H5FD_MEM_DRAW) Written (0.001822s @ 33110.261928)
 248860672- 248862719 (      2048 bytes) (H5FD_MEM_DEFAULT) Allocated
 248862720- 254392319 (   5529600 bytes) (H5FD_MEM_DRAW) Allocated
 248862720- 254392319 (   5529600 bytes) (H5FD_MEM_DRAW) Written (0.001818s @ 33110.268904)
 254392320- 259921919 (   5529600 bytes) (H5FD_MEM_DRAW) Allocated
 254392320- 259921919 (   5529600 bytes) (H5FD_MEM_DRAW) Written (0.001830s @ 33110.275851)
 259921920- 265451519 (   5529600 bytes) (H5FD_MEM_DRAW) Allocated
 259921920- 265451519 (   5529600 bytes) (H5FD_MEM_DRAW) Written (0.001817s @ 33110.282821)
 265451520- 265453567 (      2048 bytes) (H5FD_MEM_DEFAULT) Allocated
 265453568- 270983167 (   5529600 bytes) (H5FD_MEM_DRAW) Allocated
 265453568- 270983167 (   5529600 bytes) (H5FD_MEM_DRAW) Written (0.001833s @ 33110.289788)
 270983168- 276512767 (   5529600 bytes) (H5FD_MEM_DRAW) Allocated
 270983168- 276512767 (   5529600 bytes) (H5FD_MEM_DRAW) Written (0.001831s @ 33110.296773)
 276512768- 282042367 (   5529600 bytes) (H5FD_MEM_DRAW) Allocated
 276512768- 282042367 (   5529600 bytes) (H5FD_MEM_DRAW) Written (0.001843s @ 33110.303743)
 282042368- 287571967 (   5529600 bytes) (H5FD_MEM_DRAW) Allocated
 282042368- 287571967 (   5529600 bytes) (H5FD_MEM_DRAW) Written (0.001824s @ 33110.310718)
 287571968- 287574015 (      2048 bytes) (H5FD_MEM_DEFAULT) Allocated
 287574016- 293103615 (   5529600 bytes) (H5FD_MEM_DRAW) Allocated
 287574016- 293103615 (   5529600 bytes) (H5FD_MEM_DRAW) Written (0.001816s @ 33110.317675)
 293103616- 298633215 (   5529600 bytes) (H5FD_MEM_DRAW) Allocated
 293103616- 298633215 (   5529600 bytes) (H5FD_MEM_DRAW) Written (0.001821s @ 33110.324637)
 298633216- 304162815 (   5529600 bytes) (H5FD_MEM_DRAW) Allocated
 298633216- 304162815 (   5529600 bytes) (H5FD_MEM_DRAW) Written (0.001826s @ 33110.331591)
 304162816- 304164863 (      2048 bytes) (H5FD_MEM_DEFAULT) Allocated
 304164864- 309694463 (   5529600 bytes) (H5FD_MEM_DRAW) Allocated
 304164864- 309694463 (   5529600 bytes) (H5FD_MEM_DRAW) Written (0.001838s @ 33110.338580)
 309694464- 315224063 (   5529600 bytes) (H5FD_MEM_DRAW) Allocated
 309694464- 315224063 (   5529600 bytes) (H5FD_MEM_DRAW) Written (0.001826s @ 33110.345558)
 315224064- 320753663 (   5529600 bytes) (H5FD_MEM_DRAW) Allocated
 315224064- 320753663 (   5529600 bytes) (H5FD_MEM_DRAW) Written (0.001836s @ 33110.352512)
 320753664- 326283263 (   5529600 bytes) (H5FD_MEM_DRAW) Allocated
 320753664- 326283263 (   5529600 bytes) (H5FD_MEM_DRAW) Written (0.001837s @ 33110.359477)
 326283264- 326285311 (      2048 bytes) (H5FD_MEM_DEFAULT) Allocated
 326285312- 331814911 (   5529600 bytes) (H5FD_MEM_DRAW) Allocated
 326285312- 331814911 (   5529600 bytes) (H5FD_MEM_DRAW) Written (0.001815s @ 33110.366458)
 331814912- 337344511 (   5529600 bytes) (H5FD_MEM_DRAW) Allocated
 331814912- 337344511 (   5529600 bytes) (H5FD_MEM_DRAW) Written (0.001827s @ 33110.373418)
 337344512- 342874111 (   5529600 bytes) (H5FD_MEM_DRAW) Allocated
 337344512- 342874111 (   5529600 bytes) (H5FD_MEM_DRAW) Written (0.001825s @ 33110.380378)
 342874112- 342876159 (      2048 bytes) (H5FD_MEM_DEFAULT) Allocated
 342876160- 348405759 (   5529600 bytes) (H5FD_MEM_DRAW) Allocated
 342876160- 348405759 (   5529600 bytes) (H5FD_MEM_DRAW) Written (0.001841s @ 33110.387348)
 348405760- 353935359 (   5529600 bytes) (H5FD_MEM_DRAW) Allocated
 348405760- 353935359 (   5529600 bytes) (H5FD_MEM_DRAW) Written (0.001833s @ 33110.394339)
 353935360- 359464959 (   5529600 bytes) (H5FD_MEM_DRAW) Allocated
 353935360- 359464959 (   5529600 bytes) (H5FD_MEM_DRAW) Written (0.001824s @ 33110.401292)
 359464960- 364994559 (   5529600 bytes) (H5FD_MEM_DRAW) Allocated
 359464960- 364994559 (   5529600 bytes) (H5FD_MEM_DRAW) Written (0.001830s @ 33110.408226)
 364994560- 364996607 (      2048 bytes) (H5FD_MEM_DEFAULT) Allocated
 364996608- 370526207 (   5529600 bytes) (H5FD_MEM_DRAW) Allocated
 364996608- 370526207 (   5529600 bytes) (H5FD_MEM_DRAW) Written (0.001814s @ 33110.415175)
 370526208- 376055807 (   5529600 bytes) (H5FD_MEM_DRAW) Allocated
 370526208- 376055807 (   5529600 bytes) (H5FD_MEM_DRAW) Written (0.001812s @ 33110.422274)
 376055808- 381585407 (   5529600 bytes) (H5FD_MEM_DRAW) Allocated
 376055808- 381585407 (   5529600 bytes) (H5FD_MEM_DRAW) Written (0.001816s @ 33110.429218)
 381585408- 381587455 (      2048 bytes) (H5FD_MEM_DEFAULT) Allocated
 381587456- 387117055 (   5529600 bytes) (H5FD_MEM_DRAW) Allocated
 381587456- 387117055 (   5529600 bytes) (H5FD_MEM_DRAW) Written (0.001829s @ 33110.436155)
        48-      1928 (      1881 bytes) (H5FD_MEM_DEFAULT) Written (fresh) (0.000007s @ 33110.438205)
  16590848-  16592875 (      2028 bytes) (H5FD_MEM_DEFAULT) Written (fresh) (0.000003s @ 33110.438228)
  33181696-  33182126 (       431 bytes) (H5FD_MEM_DEFAULT) Written (fresh) (0.000003s @ 33110.438237)
  33182180-  33182757 (       578 bytes) (H5FD_MEM_DEFAULT) Written (fresh) (0.000002s @ 33110.438247)
  33182904-  33183023 (       120 bytes) (H5FD_MEM_DEFAULT) Written (fresh) (0.000002s @ 33110.438266)
  33182127-  33182166 (        40 bytes) (H5FD_MEM_DEFAULT) Written (fresh) (0.000002s @ 33110.438272)
  33183024-  33183682 (       659 bytes) (H5FD_MEM_DEFAULT) Written (fresh) (0.000002s @ 33110.438279)
  44242944-  44244961 (      2018 bytes) (H5FD_MEM_DEFAULT) Written (fresh) (0.000003s @ 33110.438294)
  66363392-  66365419 (      2028 bytes) (H5FD_MEM_DEFAULT) Written (fresh) (0.000003s @ 33110.438311)
  82954240-  82956257 (      2018 bytes) (H5FD_MEM_DEFAULT) Written (fresh) (0.000003s @ 33110.438327)
 105074688- 105076715 (      2028 bytes) (H5FD_MEM_DEFAULT) Written (fresh) (0.000003s @ 33110.438345)
 121665536- 121667553 (      2018 bytes) (H5FD_MEM_DEFAULT) Written (fresh) (0.000003s @ 33110.438362)
 143785984- 143788011 (      2028 bytes) (H5FD_MEM_DEFAULT) Written (fresh) (0.000003s @ 33110.438380)
 160376832- 160378849 (      2018 bytes) (H5FD_MEM_DEFAULT) Written (fresh) (0.000003s @ 33110.438397)
 182497280- 182499307 (      2028 bytes) (H5FD_MEM_DEFAULT) Written (fresh) (0.000003s @ 33110.438415)
 199088128- 199090145 (      2018 bytes) (H5FD_MEM_DEFAULT) Written (fresh) (0.000003s @ 33110.438430)
 221208576- 221210603 (      2028 bytes) (H5FD_MEM_DEFAULT) Written (fresh) (0.000003s @ 33110.438447)
 237799424- 237801456 (      2033 bytes) (H5FD_MEM_DEFAULT) Written (fresh) (0.000003s @ 33110.438461)
 248860672- 248862699 (      2028 bytes) (H5FD_MEM_DEFAULT) Written (fresh) (0.000003s @ 33110.438478)
 265451520- 265453537 (      2018 bytes) (H5FD_MEM_DEFAULT) Written (fresh) (0.000003s @ 33110.438492)
 287571968- 287573995 (      2028 bytes) (H5FD_MEM_DEFAULT) Written (fresh) (0.000003s @ 33110.438518)
 304162816- 304164833 (      2018 bytes) (H5FD_MEM_DEFAULT) Written (fresh) (0.000003s @ 33110.438534)
 326283264- 326285291 (      2028 bytes) (H5FD_MEM_DEFAULT) Written (fresh) (0.000003s @ 33110.438550)
 342874112- 342876129 (      2018 bytes) (H5FD_MEM_DEFAULT) Written (fresh) (0.000003s @ 33110.438566)
 364994560- 364996440 (      1881 bytes) (H5FD_MEM_DEFAULT) Written (fresh) (0.000003s @ 33110.438579)
 381585408- 381587227 (      1820 bytes) (H5FD_MEM_DEFAULT) Written (fresh) (0.000003s @ 33110.438604)
  33183683-  33183735 (        53 bytes) (H5FD_MEM_DEFAULT) Written (fresh) (0.000002s @ 33110.438612)
  33182758-  33182903 (       146 bytes) (H5FD_MEM_DEFAULT) Written (fresh) (0.000002s @ 33110.438620)
         0-        47 (        48 bytes) (H5FD_MEM_DEFAULT) Written (fresh) (0.000002s @ 33110.438627)
         0-        47 (        48 bytes) (H5FD_MEM_DEFAULT) Written (fresh) (0.000004s @ 33110.438866)
Close took: (0.143167 s)
Total number of read operations: 0
Total number of write operations: 101
Total number of seek operations: 0
Total number of truncate operations: 0
Total time in read operations: 0.000000 s
Total time in write operations: 0.135882 s
Total time in seek operations: 0.000000 s
Total time in truncate operations: 0.000000 s
Dumping write I/O information:
	Addr          0-        47 (        48 bytes) written to   3 times
	Addr         48-      1928 (      1881 bytes) written to   1 times
	Addr       1929-      2047 (       119 bytes) written to   0 times
	Addr       2048-  16592875 (  16590828 bytes) written to   1 times
	Addr   16592876-  16592895 (        20 bytes) written to   0 times
	Addr   16592896-  33182166 (  16589271 bytes) written to   1 times
	Addr   33182167-  33182179 (        13 bytes) written to   0 times
	Addr   33182180-  33183735 (      1556 bytes) written to   1 times
	Addr   33183736-  33183743 (         8 bytes) written to   0 times
	Addr   33183744-  44244961 (  11061218 bytes) written to   1 times
	Addr   44244962-  44244991 (        30 bytes) written to   0 times
	Addr   44244992-  66365419 (  22120428 bytes) written to   1 times
	Addr   66365420-  66365439 (        20 bytes) written to   0 times
	Addr   66365440-  82956257 (  16590818 bytes) written to   1 times
	Addr   82956258-  82956287 (        30 bytes) written to   0 times
	Addr   82956288- 105076715 (  22120428 bytes) written to   1 times
	Addr  105076716- 105076735 (        20 bytes) written to   0 times
	Addr  105076736- 121667553 (  16590818 bytes) written to   1 times
	Addr  121667554- 121667583 (        30 bytes) written to   0 times
	Addr  121667584- 143788011 (  22120428 bytes) written to   1 times
	Addr  143788012- 143788031 (        20 bytes) written to   0 times
	Addr  143788032- 160378849 (  16590818 bytes) written to   1 times
	Addr  160378850- 160378879 (        30 bytes) written to   0 times
	Addr  160378880- 182499307 (  22120428 bytes) written to   1 times
	Addr  182499308- 182499327 (        20 bytes) written to   0 times
	Addr  182499328- 199090145 (  16590818 bytes) written to   1 times
	Addr  199090146- 199090175 (        30 bytes) written to   0 times
	Addr  199090176- 221210603 (  22120428 bytes) written to   1 times
	Addr  221210604- 221210623 (        20 bytes) written to   0 times
	Addr  221210624- 237801456 (  16590833 bytes) written to   1 times
	Addr  237801457- 237801471 (        15 bytes) written to   0 times
	Addr  237801472- 248862699 (  11061228 bytes) written to   1 times
	Addr  248862700- 248862719 (        20 bytes) written to   0 times
	Addr  248862720- 265453537 (  16590818 bytes) written to   1 times
	Addr  265453538- 265453567 (        30 bytes) written to   0 times
	Addr  265453568- 287573995 (  22120428 bytes) written to   1 times
	Addr  287573996- 287574015 (        20 bytes) written to   0 times
	Addr  287574016- 304164833 (  16590818 bytes) written to   1 times
	Addr  304164834- 304164863 (        30 bytes) written to   0 times
	Addr  304164864- 326285291 (  22120428 bytes) written to   1 times
	Addr  326285292- 326285311 (        20 bytes) written to   0 times
	Addr  326285312- 342876129 (  16590818 bytes) written to   1 times
	Addr  342876130- 342876159 (        30 bytes) written to   0 times
	Addr  342876160- 364996440 (  22120281 bytes) written to   1 times
	Addr  364996441- 364996607 (       167 bytes) written to   0 times
	Addr  364996608- 381587227 (  16590620 bytes) written to   1 times
	Addr  381587228- 381587455 (       228 bytes) written to   0 times
	Addr  381587456- 387117055 (   5529600 bytes) written to   1 times
Dumping read I/O information:
	Addr          0- 387117055 ( 387117056 bytes) read from   0 times
Dumping I/O flavor information:
	Addr          0-      2047 (      2048 bytes) flavor is H5FD_MEM_DEFAULT
	Addr       2048-  16590847 (  16588800 bytes) flavor is H5FD_MEM_DRAW
	Addr   16590848-  16592895 (      2048 bytes) flavor is H5FD_MEM_DEFAULT
	Addr   16592896-  33181695 (  16588800 bytes) flavor is H5FD_MEM_DRAW
	Addr   33181696-  33183743 (      2048 bytes) flavor is H5FD_MEM_DEFAULT
	Addr   33183744-  44242943 (  11059200 bytes) flavor is H5FD_MEM_DRAW
	Addr   44242944-  44244991 (      2048 bytes) flavor is H5FD_MEM_DEFAULT
	Addr   44244992-  66363391 (  22118400 bytes) flavor is H5FD_MEM_DRAW
	Addr   66363392-  66365439 (      2048 bytes) flavor is H5FD_MEM_DEFAULT
	Addr   66365440-  82954239 (  16588800 bytes) flavor is H5FD_MEM_DRAW
	Addr   82954240-  82956287 (      2048 bytes) flavor is H5FD_MEM_DEFAULT
	Addr   82956288- 105074687 (  22118400 bytes) flavor is H5FD_MEM_DRAW
	Addr  105074688- 105076735 (      2048 bytes) flavor is H5FD_MEM_DEFAULT
	Addr  105076736- 121665535 (  16588800 bytes) flavor is H5FD_MEM_DRAW
	Addr  121665536- 121667583 (      2048 bytes) flavor is H5FD_MEM_DEFAULT
	Addr  121667584- 143785983 (  22118400 bytes) flavor is H5FD_MEM_DRAW
	Addr  143785984- 143788031 (      2048 bytes) flavor is H5FD_MEM_DEFAULT
	Addr  143788032- 160376831 (  16588800 bytes) flavor is H5FD_MEM_DRAW
	Addr  160376832- 160378879 (      2048 bytes) flavor is H5FD_MEM_DEFAULT
	Addr  160378880- 182497279 (  22118400 bytes) flavor is H5FD_MEM_DRAW
	Addr  182497280- 182499327 (      2048 bytes) flavor is H5FD_MEM_DEFAULT
	Addr  182499328- 199088127 (  16588800 bytes) flavor is H5FD_MEM_DRAW
	Addr  199088128- 199090175 (      2048 bytes) flavor is H5FD_MEM_DEFAULT
	Addr  199090176- 221208575 (  22118400 bytes) flavor is H5FD_MEM_DRAW
	Addr  221208576- 221210623 (      2048 bytes) flavor is H5FD_MEM_DEFAULT
	Addr  221210624- 237799423 (  16588800 bytes) flavor is H5FD_MEM_DRAW
	Addr  237799424- 237801471 (      2048 bytes) flavor is H5FD_MEM_DEFAULT
	Addr  237801472- 248860671 (  11059200 bytes) flavor is H5FD_MEM_DRAW
	Addr  248860672- 248862719 (      2048 bytes) flavor is H5FD_MEM_DEFAULT
	Addr  248862720- 265451519 (  16588800 bytes) flavor is H5FD_MEM_DRAW
	Addr  265451520- 265453567 (      2048 bytes) flavor is H5FD_MEM_DEFAULT
	Addr  265453568- 287571967 (  22118400 bytes) flavor is H5FD_MEM_DRAW
	Addr  287571968- 287574015 (      2048 bytes) flavor is H5FD_MEM_DEFAULT
	Addr  287574016- 304162815 (  16588800 bytes) flavor is H5FD_MEM_DRAW
	Addr  304162816- 304164863 (      2048 bytes) flavor is H5FD_MEM_DEFAULT
	Addr  304164864- 326283263 (  22118400 bytes) flavor is H5FD_MEM_DRAW
	Addr  326283264- 326285311 (      2048 bytes) flavor is H5FD_MEM_DEFAULT
	Addr  326285312- 342874111 (  16588800 bytes) flavor is H5FD_MEM_DRAW
	Addr  342874112- 342876159 (      2048 bytes) flavor is H5FD_MEM_DEFAULT
	Addr  342876160- 364994559 (  22118400 bytes) flavor is H5FD_MEM_DRAW
	Addr  364994560- 364996607 (      2048 bytes) flavor is H5FD_MEM_DEFAULT
	Addr  364996608- 381585407 (  16588800 bytes) flavor is H5FD_MEM_DRAW
	Addr  381585408- 381587455 (      2048 bytes) flavor is H5FD_MEM_DEFAULT
	Addr  381587456- 387117055 (   5529600 bytes) flavor is H5FD_MEM_DRAW
