HDF5 Library: Version 1.8.16
rank 0: ==== Parameters ====
rank 0: IO API=mpiio 
rank 0: Number of files=1
rank 0: Number of datasets=1
rank 0: Number of iterations=5
rank 0: Number of processes=64:64
rank 0: Number of bytes per process per dataset=1GB
rank 0: Size of dataset(s)=64GB:64GB
rank 0: File size=64GB:64GB
rank 0: Transfer buffer size=1GB:1GB
rank 0: Block size=1GB
rank 0: Block Pattern in Dataset=Contiguous
rank 0: I/O Method for MPI and HDF5=Independent
rank 0: Geometry=1D
rank 0: VFL used for HDF5 I/O=MPI-IO driver
rank 0: Data storage method in HDF5=Contiguous
rank 0: Env HDF5_PARAPREFIX=/scratch/sciteam/heber/4376568.bw
rank 0: Dumping MPI Info Object(469762048) (up to 1024 bytes per item):
object is MPI_INFO_NULL
rank 0: ==== End of Parameters ====

Number of processors = 64
Transfer Buffer Size: 1073741824 bytes, File size: 65536.00 MBs
      # of files: 1, # of datasets: 1, dataset size: 65536.00 MBs
        IO API = MPIO
            Write (5 iteration(s)):
                Maximum Throughput: 7364.78 MB/s
                Average Throughput: 3726.93 MB/s
                Minimum Throughput: 1308.71 MB/s
            Write Open-Close (5 iteration(s)):
                Maximum Throughput: 7302.85 MB/s
                Average Throughput: 1361.63 MB/s
                Minimum Throughput: 323.72 MB/s
            Read (5 iteration(s)):
                Maximum Throughput: 7734.27 MB/s
                Average Throughput: 755.40 MB/s
                Minimum Throughput: 167.58 MB/s
            Read Open-Close (5 iteration(s)):
                Maximum Throughput: 7688.36 MB/s
                Average Throughput: 755.01 MB/s
                Minimum Throughput: 167.56 MB/s
Application 37282061 resources: utime ~32639s, stime ~2131s, Rss ~1065832, inblocks ~671884473, outblocks ~672833284
