HDF5 Library: Version 1.8.16
rank 0: ==== Parameters ====
rank 0: IO API=phdf5 
rank 0: Number of files=1
rank 0: Number of datasets=1
rank 0: Number of iterations=5
rank 0: Number of processes=64:64
rank 0: Number of bytes per process per dataset=1GB
rank 0: Size of dataset(s)=64GB:64GB
rank 0: File size=64GB:64GB
rank 0: Transfer buffer size=1GB:1GB
rank 0: Block size=1GB
rank 0: Block Pattern in Dataset=Contiguous
rank 0: I/O Method for MPI and HDF5=Independent
rank 0: Geometry=1D
rank 0: VFL used for HDF5 I/O=MPI-IO driver
rank 0: Data storage method in HDF5=Contiguous
rank 0: Env HDF5_PARAPREFIX=/scratch/sciteam/heber/4376570.bw
rank 0: Dumping MPI Info Object(469762048) (up to 1024 bytes per item):
object is MPI_INFO_NULL
rank 0: ==== End of Parameters ====

Number of processors = 64
Transfer Buffer Size: 1073741824 bytes, File size: 65536.00 MBs
      # of files: 1, # of datasets: 1, dataset size: 65536.00 MBs
        IO API = PHDF5 (w/MPI-IO driver)
            Write (5 iteration(s)):
                Maximum Throughput: 9841.41 MB/s
                Average Throughput: 7556.30 MB/s
                Minimum Throughput: 6266.88 MB/s
            Write Open-Close (5 iteration(s)):
                Maximum Throughput: 8239.92 MB/s
                Average Throughput: 6612.81 MB/s
                Minimum Throughput: 5637.72 MB/s
            Read (5 iteration(s)):
                Maximum Throughput: 5971.39 MB/s
                Average Throughput: 5493.82 MB/s
                Minimum Throughput: 5140.90 MB/s
            Read Open-Close (5 iteration(s)):
                Maximum Throughput: 5911.55 MB/s
                Average Throughput: 5456.30 MB/s
                Minimum Throughput: 5112.66 MB/s
Application 37282064 resources: utime ~3339s, stime ~1875s, Rss ~1068132, inblocks ~671855657, outblocks ~672833298
