HDF5 Library: Version 1.8.16
rank 0: ==== Parameters ====
rank 0: IO API=mpiio 
rank 0: Number of files=1
rank 0: Number of datasets=1
rank 0: Number of iterations=5
rank 0: Number of processes=8192:8192
rank 0: Number of bytes per process per dataset=1GB
rank 0: Size of dataset(s)=8192GB:8192GB
rank 0: File size=8192GB:8192GB
rank 0: Transfer buffer size=1GB:1GB
rank 0: Block size=1GB
rank 0: Block Pattern in Dataset=Contiguous
rank 0: I/O Method for MPI and HDF5=Independent
rank 0: Geometry=1D
rank 0: VFL used for HDF5 I/O=MPI-IO driver
rank 0: Data storage method in HDF5=Contiguous
rank 0: Env HDF5_PARAPREFIX=/scratch/sciteam/heber/4397762.bw
rank 0: Dumping MPI Info Object(469762048) (up to 1024 bytes per item):
object is MPI_INFO_NULL
rank 0: ==== End of Parameters ====

Number of processors = 8192
Transfer Buffer Size: 1073741824 bytes, File size: 8388608.00 MBs
      # of files: 1, # of datasets: 1, dataset size: 8388608.00 MBs
        IO API = MPIO
            Write (5 iteration(s)):
                Maximum Throughput: 60140.84 MB/s
                Average Throughput: 56302.39 MB/s
                Minimum Throughput: 54521.38 MB/s
            Write Open-Close (5 iteration(s)):
                Maximum Throughput: 58455.49 MB/s
                Average Throughput: 54924.63 MB/s
                Minimum Throughput: 53539.73 MB/s
            Read (5 iteration(s)):
                Maximum Throughput: 32127.04 MB/s
                Average Throughput: 29262.59 MB/s
                Minimum Throughput: 27530.82 MB/s
            Read Open-Close (5 iteration(s)):
                Maximum Throughput: 31923.33 MB/s
                Average Throughput: 29103.09 MB/s
                Minimum Throughput: 27389.73 MB/s
Application 37475361 resources: utime ~6540397s, stime ~390960s, Rss ~1077668, inblocks ~86004296179, outblocks ~86122659915
