HDF5 Library: Version 1.8.16
rank 0: ==== Parameters ====
rank 0: IO API=phdf5 
rank 0: Number of files=1
rank 0: Number of datasets=1
rank 0: Number of iterations=5
rank 0: Number of processes=8192:8192
rank 0: Number of bytes per process per dataset=1GB
rank 0: Size of dataset(s)=8192GB:8192GB
rank 0: File size=8192GB:8192GB
rank 0: Transfer buffer size=1GB:1GB
rank 0: Block size=1GB
rank 0: Block Pattern in Dataset=Contiguous
rank 0: I/O Method for MPI and HDF5=Independent
rank 0: Geometry=1D
rank 0: VFL used for HDF5 I/O=MPI-IO driver
rank 0: Data storage method in HDF5=Contiguous
rank 0: Env HDF5_PARAPREFIX=/scratch/sciteam/heber/4671190.bw
rank 0: Dumping MPI Info Object(469762048) (up to 1024 bytes per item):
object is MPI_INFO_NULL
rank 0: ==== End of Parameters ====

Number of processors = 8192
Transfer Buffer Size: 1073741824 bytes, File size: 8388608.00 MBs
      # of files: 1, # of datasets: 1, dataset size: 8388608.00 MBs
        IO API = PHDF5 (w/MPI-IO driver)
            Write (5 iteration(s)):
                Maximum Throughput: 60780.60 MB/s
                Average Throughput: 57898.94 MB/s
                Minimum Throughput: 54909.46 MB/s
            Write Open-Close (5 iteration(s)):
                Maximum Throughput: 58737.73 MB/s
                Average Throughput: 52496.40 MB/s
                Minimum Throughput: 46381.31 MB/s
            Read (5 iteration(s)):
                Maximum Throughput: 30289.40 MB/s
                Average Throughput: 28658.16 MB/s
                Minimum Throughput: 27230.59 MB/s
            Read Open-Close (5 iteration(s)):
                Maximum Throughput: 29929.84 MB/s
                Average Throughput: 28254.22 MB/s
                Minimum Throughput: 26910.40 MB/s
Application 38280480 resources: utime ~6972855s, stime ~352708s, Rss ~1079772, inblocks ~86004349558, outblocks ~86122659879
