HDF5 Library: Version 1.8.16
rank 0: ==== Parameters ====
rank 0: IO API=mpiio 
rank 0: Number of files=1
rank 0: Number of datasets=1
rank 0: Number of iterations=5
rank 0: Number of processes=128:128
rank 0: Number of bytes per process per dataset=1GB
rank 0: Size of dataset(s)=128GB:128GB
rank 0: File size=128GB:128GB
rank 0: Transfer buffer size=1GB:1GB
rank 0: Block size=1GB
rank 0: Block Pattern in Dataset=Contiguous
rank 0: I/O Method for MPI and HDF5=Collective
rank 0: Geometry=1D
rank 0: VFL used for HDF5 I/O=MPI-IO driver
rank 0: Data storage method in HDF5=Contiguous
rank 0: Env HDF5_PARAPREFIX=/scratch/sciteam/heber/4376574.bw
rank 0: Dumping MPI Info Object(469762048) (up to 1024 bytes per item):
object is MPI_INFO_NULL
rank 0: ==== End of Parameters ====

Number of processors = 128
Transfer Buffer Size: 1073741824 bytes, File size: 131072.00 MBs
      # of files: 1, # of datasets: 1, dataset size: 131072.00 MBs
        IO API = MPIO
            Write (5 iteration(s)):
                Maximum Throughput: 4772.50 MB/s
                Average Throughput: 1654.16 MB/s
                Minimum Throughput: 595.38 MB/s
            Write Open-Close (5 iteration(s)):
                Maximum Throughput: 4759.70 MB/s
                Average Throughput: 980.54 MB/s
                Minimum Throughput: 351.14 MB/s
            Read (5 iteration(s)):
                Maximum Throughput: 4476.99 MB/s
                Average Throughput: 4403.99 MB/s
                Minimum Throughput: 4227.40 MB/s
            Read Open-Close (5 iteration(s)):
                Maximum Throughput: 4469.02 MB/s
                Average Throughput: 4395.63 MB/s
                Minimum Throughput: 4220.04 MB/s
Application 37282093 resources: utime ~102600s, stime ~2785s, Rss ~1067536, inblocks ~1343929785, outblocks ~1345825735
