HDF5 Library: Version 1.8.16
rank 0: ==== Parameters ====
rank 0: IO API=mpiio 
rank 0: Number of files=1
rank 0: Number of datasets=1
rank 0: Number of iterations=5
rank 0: Number of processes=128:128
rank 0: Number of bytes per process per dataset=1GB
rank 0: Size of dataset(s)=128GB:128GB
rank 0: File size=128GB:128GB
rank 0: Transfer buffer size=1GB:1GB
rank 0: Block size=1GB
rank 0: Block Pattern in Dataset=Contiguous
rank 0: I/O Method for MPI and HDF5=Independent
rank 0: Geometry=1D
rank 0: VFL used for HDF5 I/O=MPI-IO driver
rank 0: Data storage method in HDF5=Contiguous
rank 0: Env HDF5_PARAPREFIX=/scratch/sciteam/heber/4376573.bw
rank 0: Dumping MPI Info Object(469762048) (up to 1024 bytes per item):
object is MPI_INFO_NULL
rank 0: ==== End of Parameters ====

Number of processors = 128
Transfer Buffer Size: 1073741824 bytes, File size: 131072.00 MBs
      # of files: 1, # of datasets: 1, dataset size: 131072.00 MBs
        IO API = MPIO
            Write (5 iteration(s)):
                Maximum Throughput: 18931.76 MB/s
                Average Throughput: 16768.74 MB/s
                Minimum Throughput: 14975.21 MB/s
            Write Open-Close (5 iteration(s)):
                Maximum Throughput: 18623.71 MB/s
                Average Throughput: 3194.25 MB/s
                Minimum Throughput: 755.12 MB/s
            Read (5 iteration(s)):
                Maximum Throughput: 13206.18 MB/s
                Average Throughput: 5393.79 MB/s
                Minimum Throughput: 1703.27 MB/s
            Read Open-Close (5 iteration(s)):
                Maximum Throughput: 13130.75 MB/s
                Average Throughput: 5375.03 MB/s
                Minimum Throughput: 1702.06 MB/s
Application 37282088 resources: utime ~27483s, stime ~4209s, Rss ~1065992, inblocks ~1343693537, outblocks ~1345666564
