HDF5 Library: Version 1.8.16
rank 0: ==== Parameters ====
rank 0: IO API=mpiio 
rank 0: Number of files=1
rank 0: Number of datasets=1
rank 0: Number of iterations=5
rank 0: Number of processes=512:512
rank 0: Number of bytes per process per dataset=1GB
rank 0: Size of dataset(s)=512GB:512GB
rank 0: File size=512GB:512GB
rank 0: Transfer buffer size=1GB:1GB
rank 0: Block size=1GB
rank 0: Block Pattern in Dataset=Contiguous
rank 0: I/O Method for MPI and HDF5=Independent
rank 0: Geometry=1D
rank 0: VFL used for HDF5 I/O=MPI-IO driver
rank 0: Data storage method in HDF5=Contiguous
rank 0: Env HDF5_PARAPREFIX=/scratch/sciteam/heber/4376586.bw
rank 0: Dumping MPI Info Object(469762048) (up to 1024 bytes per item):
object is MPI_INFO_NULL
rank 0: ==== End of Parameters ====

Number of processors = 512
Transfer Buffer Size: 1073741824 bytes, File size: 524288.00 MBs
      # of files: 1, # of datasets: 1, dataset size: 524288.00 MBs
        IO API = MPIO
            Write (5 iteration(s)):
                Maximum Throughput: 27953.24 MB/s
                Average Throughput: 24462.30 MB/s
                Minimum Throughput: 22459.04 MB/s
            Write Open-Close (5 iteration(s)):
                Maximum Throughput: 27001.60 MB/s
                Average Throughput: 24128.01 MB/s
                Minimum Throughput: 22132.41 MB/s
            Read (5 iteration(s)):
                Maximum Throughput: 25112.90 MB/s
                Average Throughput: 23673.97 MB/s
                Minimum Throughput: 19949.90 MB/s
            Read Open-Close (5 iteration(s)):
                Maximum Throughput: 24965.93 MB/s
                Average Throughput: 23502.98 MB/s
                Minimum Throughput: 19707.50 MB/s
Application 37282952 resources: utime ~60061s, stime ~17344s, Rss ~1066420, inblocks ~5375698224, outblocks ~5382666245
