HDF5 Library: Version 1.8.16
rank 0: ==== Parameters ====
rank 0: IO API=mpiio 
rank 0: Number of files=1
rank 0: Number of datasets=1
rank 0: Number of iterations=5
rank 0: Number of processes=512:512
rank 0: Number of bytes per process per dataset=1GB
rank 0: Size of dataset(s)=512GB:512GB
rank 0: File size=512GB:512GB
rank 0: Transfer buffer size=1GB:1GB
rank 0: Block size=1GB
rank 0: Block Pattern in Dataset=Contiguous
rank 0: I/O Method for MPI and HDF5=Collective
rank 0: Geometry=1D
rank 0: VFL used for HDF5 I/O=MPI-IO driver
rank 0: Data storage method in HDF5=Contiguous
rank 0: Env HDF5_PARAPREFIX=/scratch/sciteam/heber/4376587.bw
rank 0: Dumping MPI Info Object(469762048) (up to 1024 bytes per item):
object is MPI_INFO_NULL
rank 0: ==== End of Parameters ====

Number of processors = 512
Transfer Buffer Size: 1073741824 bytes, File size: 524288.00 MBs
      # of files: 1, # of datasets: 1, dataset size: 524288.00 MBs
        IO API = MPIO
            Write (5 iteration(s)):
                Maximum Throughput: 3921.01 MB/s
                Average Throughput: 3137.69 MB/s
                Minimum Throughput: 1890.80 MB/s
            Write Open-Close (5 iteration(s)):
                Maximum Throughput: 3917.08 MB/s
                Average Throughput: 3134.07 MB/s
                Minimum Throughput: 1889.62 MB/s
            Read (5 iteration(s)):
                Maximum Throughput: 4035.38 MB/s
                Average Throughput: 3961.11 MB/s
                Minimum Throughput: 3774.68 MB/s
            Read Open-Close (5 iteration(s)):
                Maximum Throughput: 4031.82 MB/s
                Average Throughput: 3957.41 MB/s
                Minimum Throughput: 3771.11 MB/s
Application 37283012 resources: utime ~769776s, stime ~13865s, Rss ~1068652, inblocks ~5375962303, outblocks ~5383724873
