HDF5 Library: Version 1.8.16
rank 0: ==== Parameters ====
rank 0: IO API=phdf5 
rank 0: Number of files=1
rank 0: Number of datasets=1
rank 0: Number of iterations=5
rank 0: Number of processes=512:512
rank 0: Number of bytes per process per dataset=1GB
rank 0: Size of dataset(s)=512GB:512GB
rank 0: File size=512GB:512GB
rank 0: Transfer buffer size=1GB:1GB
rank 0: Block size=1GB
rank 0: Block Pattern in Dataset=Contiguous
rank 0: I/O Method for MPI and HDF5=Independent
rank 0: Geometry=1D
rank 0: VFL used for HDF5 I/O=MPI-IO driver
rank 0: Data storage method in HDF5=Contiguous
rank 0: Env HDF5_PARAPREFIX=/scratch/sciteam/heber/4376588.bw
rank 0: Dumping MPI Info Object(469762048) (up to 1024 bytes per item):
object is MPI_INFO_NULL
rank 0: ==== End of Parameters ====

Number of processors = 512
Transfer Buffer Size: 1073741824 bytes, File size: 524288.00 MBs
      # of files: 1, # of datasets: 1, dataset size: 524288.00 MBs
        IO API = PHDF5 (w/MPI-IO driver)
            Write (5 iteration(s)):
                Maximum Throughput: 24372.94 MB/s
                Average Throughput: 21231.68 MB/s
                Minimum Throughput: 19264.16 MB/s
            Write Open-Close (5 iteration(s)):
                Maximum Throughput: 22919.42 MB/s
                Average Throughput: 19939.46 MB/s
                Minimum Throughput: 18078.10 MB/s
            Read (5 iteration(s)):
                Maximum Throughput: 24954.94 MB/s
                Average Throughput: 24273.11 MB/s
                Minimum Throughput: 23619.97 MB/s
            Read Open-Close (5 iteration(s)):
                Maximum Throughput: 24773.85 MB/s
                Average Throughput: 24010.07 MB/s
                Minimum Throughput: 23433.07 MB/s
Application 37284485 resources: utime ~66935s, stime ~17526s, Rss ~1069180, inblocks ~5375734521, outblocks ~5382666259
