HDF5 Library: Version 1.8.16
rank 0: ==== Parameters ====
rank 0: IO API=mpiio 
rank 0: Number of files=1
rank 0: Number of datasets=1
rank 0: Number of iterations=5
rank 0: Number of processes=2:2
rank 0: Number of bytes per process per dataset=1GB
rank 0: Size of dataset(s)=2GB:2GB
rank 0: File size=2GB:2GB
rank 0: Transfer buffer size=1GB:1GB
rank 0: Block size=1GB
rank 0: Block Pattern in Dataset=Contiguous
rank 0: I/O Method for MPI and HDF5=Independent
rank 0: Geometry=1D
rank 0: VFL used for HDF5 I/O=MPI-IO driver
rank 0: Data storage method in HDF5=Contiguous
rank 0: Env HDF5_PARAPREFIX=/scratch/sciteam/heber/4376232.bw
rank 0: Dumping MPI Info Object(469762048) (up to 1024 bytes per item):
object is MPI_INFO_NULL
rank 0: ==== End of Parameters ====

Number of processors = 2
Transfer Buffer Size: 1073741824 bytes, File size: 2048.00 MBs
      # of files: 1, # of datasets: 1, dataset size: 2048.00 MBs
        IO API = MPIO
            Write (5 iteration(s)):
                Maximum Throughput: 370.37 MB/s
                Average Throughput: 356.64 MB/s
                Minimum Throughput: 321.21 MB/s
            Write Open-Close (5 iteration(s)):
                Maximum Throughput: 368.16 MB/s
                Average Throughput: 354.29 MB/s
                Minimum Throughput: 319.66 MB/s
            Read (5 iteration(s)):
                Maximum Throughput: 688.19 MB/s
                Average Throughput: 270.71 MB/s
                Minimum Throughput: 143.96 MB/s
            Read Open-Close (5 iteration(s)):
                Maximum Throughput: 681.69 MB/s
                Average Throughput: 269.71 MB/s
                Minimum Throughput: 143.68 MB/s
Application 37281175 resources: utime ~25s, stime ~83s, Rss ~1064724, inblocks ~20995175, outblocks ~21026044
