HDF5 Library: Version 1.8.16
rank 0: ==== Parameters ====
rank 0: IO API=phdf5 
rank 0: Number of files=1
rank 0: Number of datasets=1
rank 0: Number of iterations=5
rank 0: Number of processes=4096:4096
rank 0: Number of bytes per process per dataset=1GB
rank 0: Size of dataset(s)=4096GB:4096GB
rank 0: File size=4096GB:4096GB
rank 0: Transfer buffer size=1GB:1GB
rank 0: Block size=1GB
rank 0: Block Pattern in Dataset=Contiguous
rank 0: I/O Method for MPI and HDF5=Independent
rank 0: Geometry=1D
rank 0: VFL used for HDF5 I/O=MPI-IO driver
rank 0: Data storage method in HDF5=Contiguous
rank 0: Env HDF5_PARAPREFIX=/scratch/sciteam/heber/4397695.bw
rank 0: Dumping MPI Info Object(469762048) (up to 1024 bytes per item):
object is MPI_INFO_NULL
rank 0: ==== End of Parameters ====

Number of processors = 4096
Transfer Buffer Size: 1073741824 bytes, File size: 4194304.00 MBs
      # of files: 1, # of datasets: 1, dataset size: 4194304.00 MBs
        IO API = PHDF5 (w/MPI-IO driver)
            Write (5 iteration(s)):
                Maximum Throughput: 53074.00 MB/s
                Average Throughput: 50540.31 MB/s
                Minimum Throughput: 46897.47 MB/s
            Write Open-Close (5 iteration(s)):
                Maximum Throughput: 50520.18 MB/s
                Average Throughput: 48378.48 MB/s
                Minimum Throughput: 45548.76 MB/s
            Read (5 iteration(s)):
                Maximum Throughput: 32910.33 MB/s
                Average Throughput: 29189.96 MB/s
                Minimum Throughput: 27334.04 MB/s
            Read Open-Close (5 iteration(s)):
                Maximum Throughput: 32330.85 MB/s
                Average Throughput: 28774.12 MB/s
                Minimum Throughput: 27070.38 MB/s
Application 37475781 resources: utime ~1830356s, stime ~161743s, Rss ~1073964, inblocks ~43002478931, outblocks ~43061329949
