HDF5 Library: Version 1.8.16
rank 0: ==== Parameters ====
rank 0: IO API=phdf5 
rank 0: Number of files=1
rank 0: Number of datasets=1
rank 0: Number of iterations=5
rank 0: Number of processes=1024:1024
rank 0: Number of bytes per process per dataset=1GB
rank 0: Size of dataset(s)=1024GB:1024GB
rank 0: File size=1024GB:1024GB
rank 0: Transfer buffer size=1GB:1GB
rank 0: Block size=1GB
rank 0: Block Pattern in Dataset=Contiguous
rank 0: I/O Method for MPI and HDF5=Independent
rank 0: Geometry=1D
rank 0: VFL used for HDF5 I/O=MPI-IO driver
rank 0: Data storage method in HDF5=Contiguous
rank 0: Env HDF5_PARAPREFIX=/scratch/sciteam/heber/4376605.bw
rank 0: Dumping MPI Info Object(469762048) (up to 1024 bytes per item):
object is MPI_INFO_NULL
rank 0: ==== End of Parameters ====

Number of processors = 1024
Transfer Buffer Size: 1073741824 bytes, File size: 1048576.00 MBs
      # of files: 1, # of datasets: 1, dataset size: 1048576.00 MBs
        IO API = PHDF5 (w/MPI-IO driver)
            Write (5 iteration(s)):
                Maximum Throughput: 44477.25 MB/s
                Average Throughput: 43473.47 MB/s
                Minimum Throughput: 41879.76 MB/s
            Write Open-Close (5 iteration(s)):
                Maximum Throughput: 41378.07 MB/s
                Average Throughput: 40035.34 MB/s
                Minimum Throughput: 37728.27 MB/s
            Read (5 iteration(s)):
                Maximum Throughput: 27275.72 MB/s
                Average Throughput: 24836.73 MB/s
                Minimum Throughput: 22306.13 MB/s
            Read Open-Close (5 iteration(s)):
                Maximum Throughput: 26573.67 MB/s
                Average Throughput: 24211.51 MB/s
                Minimum Throughput: 21849.88 MB/s
Application 37291186 resources: utime ~168822s, stime ~40206s, Rss ~1069648, inblocks ~10750383472, outblocks ~10765332500
