HDF5 Library: Version 1.8.16
rank 0: ==== Parameters ====
rank 0: IO API=mpiio 
rank 0: Number of files=1
rank 0: Number of datasets=1
rank 0: Number of iterations=5
rank 0: Number of processes=512:512
rank 0: Number of bytes per process per dataset=1GB
rank 0: Size of dataset(s)=512GB:512GB
rank 0: File size=512GB:512GB
rank 0: Transfer buffer size=1GB:1GB
rank 0: Block size=1GB
rank 0: Block Pattern in Dataset=Contiguous
rank 0: I/O Method for MPI and HDF5=Collective
rank 0: Geometry=1D
rank 0: VFL used for HDF5 I/O=MPI-IO driver
rank 0: Data storage method in HDF5=Contiguous
rank 0: Env HDF5_PARAPREFIX=/scratch/sciteam/heber/4385755.bw
rank 0: Dumping MPI Info Object(469762048) (up to 1024 bytes per item):
object is MPI_INFO_NULL
rank 0: ==== End of Parameters ====

Number of processors = 512
Transfer Buffer Size: 1073741824 bytes, File size: 524288.00 MBs
      # of files: 1, # of datasets: 1, dataset size: 524288.00 MBs
        IO API = MPIO
            Write (5 iteration(s)):
                Maximum Throughput: 25733.24 MB/s
                Average Throughput: 23085.86 MB/s
                Minimum Throughput: 20803.07 MB/s
            Write Open-Close (5 iteration(s)):
                Maximum Throughput: 25489.61 MB/s
                Average Throughput: 22890.65 MB/s
                Minimum Throughput: 20636.64 MB/s
            Read (5 iteration(s)):
                Maximum Throughput: 24473.30 MB/s
                Average Throughput: 22976.25 MB/s
                Minimum Throughput: 20287.28 MB/s
            Read Open-Close (5 iteration(s)):
                Maximum Throughput: 24335.53 MB/s
                Average Throughput: 22857.38 MB/s
                Minimum Throughput: 20199.23 MB/s
Application 37311248 resources: utime ~64338s, stime ~17353s, Rss ~2114480, inblocks ~5375553743, outblocks ~5382666286
